# JRE version: Java(TM) SE Runtime Environment (8.0_171-b11) (build 1.8.0_171-b11)
# Java VM: Java HotSpot(TM) 64-Bit Server VM (25.171-b11 mixed mode windows-amd64 compressed oops)
Heap:
 PSYoungGen      total 134656K, used 96840K [0x00000000eb400000, 0x00000000f3c00000, 0x0000000100000000)
  eden space 130560K, 74% used [0x00000000eb400000,0x00000000f12821c0,0x00000000f3380000)
  from space 4096K, 1% used [0x00000000f3380000,0x00000000f3390000,0x00000000f3780000)
  to   space 3584K, 0% used [0x00000000f3780000,0x00000000f3780000,0x00000000f3b00000)
 ParOldGen       total 679936K, used 658630K [0x00000000c1c00000, 0x00000000eb400000, 0x00000000eb400000)
  object space 679936K, 96% used [0x00000000c1c00000,0x00000000e9f31b60,0x00000000eb400000)
 Metaspace       used 12571K, capacity 12812K, committed 13056K, reserved 1060864K
  class space    used 1593K, capacity 1682K, committed 1792K, reserved 1048576K
GC Heap History (10 events):
Event: 5.741 GC heap before
{Heap before GC invocations=5 (full 0):
 PSYoungGen      total 35328K, used 26130K [0x00000000eb400000, 0x00000000ed900000, 0x0000000100000000)
  eden space 32768K, 74% used [0x00000000eb400000,0x00000000ecbc88e0,0x00000000ed400000)
  from space 2560K, 69% used [0x00000000ed680000,0x00000000ed83c020,0x00000000ed900000)
  to   space 2560K, 0% used [0x00000000ed400000,0x00000000ed400000,0x00000000ed680000)
 ParOldGen       total 679936K, used 656890K [0x00000000c1c00000, 0x00000000eb400000, 0x00000000eb400000)
  object space 679936K, 96% used [0x00000000c1c00000,0x00000000e9d7eaf0,0x00000000eb400000)
 Metaspace       used 12531K, capacity 12804K, committed 13056K, reserved 1060864K
  class space    used 1593K, capacity 1682K, committed 1792K, reserved 1048576K
Event: 5.754 GC heap after
Heap after GC invocations=5 (full 0):
 PSYoungGen      total 35328K, used 1792K [0x00000000eb400000, 0x00000000efb00000, 0x0000000100000000)
  eden space 32768K, 0% used [0x00000000eb400000,0x00000000eb400000,0x00000000ed400000)
  from space 2560K, 70% used [0x00000000ed400000,0x00000000ed5c0010,0x00000000ed680000)
  to   space 3584K, 0% used [0x00000000ef780000,0x00000000ef780000,0x00000000efb00000)
 ParOldGen       total 679936K, used 656898K [0x00000000c1c00000, 0x00000000eb400000, 0x00000000eb400000)
  object space 679936K, 96% used [0x00000000c1c00000,0x00000000e9d80af0,0x00000000eb400000)
 Metaspace       used 12531K, capacity 12804K, committed 13056K, reserved 1060864K
  class space    used 1593K, capacity 1682K, committed 1792K, reserved 1048576K
}
Event: 5.795 GC heap before
{Heap before GC invocations=6 (full 0):
 PSYoungGen      total 35328K, used 26046K [0x00000000eb400000, 0x00000000efb00000, 0x0000000100000000)
  eden space 32768K, 74% used [0x00000000eb400000,0x00000000ecbaf9c8,0x00000000ed400000)
  from space 2560K, 70% used [0x00000000ed400000,0x00000000ed5c0010,0x00000000ed680000)
  to   space 3584K, 0% used [0x00000000ef780000,0x00000000ef780000,0x00000000efb00000)
 ParOldGen       total 679936K, used 656898K [0x00000000c1c00000, 0x00000000eb400000, 0x00000000eb400000)
  object space 679936K, 96% used [0x00000000c1c00000,0x00000000e9d80af0,0x00000000eb400000)
 Metaspace       used 12535K, capacity 12804K, committed 13056K, reserved 1060864K
  class space    used 1593K, capacity 1682K, committed 1792K, reserved 1048576K
Event: 5.806 GC heap after
Heap after GC invocations=6 (full 0):
 PSYoungGen      total 69120K, used 1760K [0x00000000eb400000, 0x00000000efb00000, 0x0000000100000000)
  eden space 65536K, 0% used [0x00000000eb400000,0x00000000eb400000,0x00000000ef400000)
  from space 3584K, 49% used [0x00000000ef780000,0x00000000ef938010,0x00000000efb00000)
  to   space 3584K, 0% used [0x00000000ef400000,0x00000000ef400000,0x00000000ef780000)
 ParOldGen       total 679936K, used 656906K [0x00000000c1c00000, 0x00000000eb400000, 0x00000000eb400000)
  object space 679936K, 96% used [0x00000000c1c00000,0x00000000e9d82af0,0x00000000eb400000)
 Metaspace       used 12535K, capacity 12804K, committed 13056K, reserved 1060864K
  class space    used 1593K, capacity 1682K, committed 1792K, reserved 1048576K
}
Event: 5.924 GC heap before
{Heap before GC invocations=7 (full 0):
 PSYoungGen      total 69120K, used 50142K [0x00000000eb400000, 0x00000000efb00000, 0x0000000100000000)
  eden space 65536K, 73% used [0x00000000eb400000,0x00000000ee33fb18,0x00000000ef400000)
  from space 3584K, 49% used [0x00000000ef780000,0x00000000ef938010,0x00000000efb00000)
  to   space 3584K, 0% used [0x00000000ef400000,0x00000000ef400000,0x00000000ef780000)
 ParOldGen       total 679936K, used 656906K [0x00000000c1c00000, 0x00000000eb400000, 0x00000000eb400000)
  object space 679936K, 96% used [0x00000000c1c00000,0x00000000e9d82af0,0x00000000eb400000)
 Metaspace       used 12543K, capacity 12804K, committed 13056K, reserved 1060864K
  class space    used 1593K, capacity 1682K, committed 1792K, reserved 1048576K
Event: 5.936 GC heap after
Heap after GC invocations=7 (full 0):
 PSYoungGen      total 69120K, used 256K [0x00000000eb400000, 0x00000000f3b00000, 0x0000000100000000)
  eden space 65536K, 0% used [0x00000000eb400000,0x00000000eb400000,0x00000000ef400000)
  from space 3584K, 7% used [0x00000000ef400000,0x00000000ef440010,0x00000000ef780000)
  to   space 3584K, 0% used [0x00000000f3780000,0x00000000f3780000,0x00000000f3b00000)
 ParOldGen       total 679936K, used 658446K [0x00000000c1c00000, 0x00000000eb400000, 0x00000000eb400000)
  object space 679936K, 96% used [0x00000000c1c00000,0x00000000e9f03b50,0x00000000eb400000)
 Metaspace       used 12543K, capacity 12804K, committed 13056K, reserved 1060864K
  class space    used 1593K, capacity 1682K, committed 1792K, reserved 1048576K
}
Event: 6.026 GC heap before
{Heap before GC invocations=8 (full 0):
 PSYoungGen      total 69120K, used 48557K [0x00000000eb400000, 0x00000000f3b00000, 0x0000000100000000)
  eden space 65536K, 73% used [0x00000000eb400000,0x00000000ee32b7b8,0x00000000ef400000)
  from space 3584K, 7% used [0x00000000ef400000,0x00000000ef440010,0x00000000ef780000)
  to   space 3584K, 0% used [0x00000000f3780000,0x00000000f3780000,0x00000000f3b00000)
 ParOldGen       total 679936K, used 658446K [0x00000000c1c00000, 0x00000000eb400000, 0x00000000eb400000)
  object space 679936K, 96% used [0x00000000c1c00000,0x00000000e9f03b50,0x00000000eb400000)
 Metaspace       used 12548K, capacity 12812K, committed 13056K, reserved 1060864K
  class space    used 1593K, capacity 1682K, committed 1792K, reserved 1048576K
Event: 6.032 GC heap after
Heap after GC invocations=8 (full 0):
 PSYoungGen      total 134144K, used 64K [0x00000000eb400000, 0x00000000f3c00000, 0x0000000100000000)
  eden space 130560K, 0% used [0x00000000eb400000,0x00000000eb400000,0x00000000f3380000)
  from space 3584K, 1% used [0x00000000f3780000,0x00000000f3790000,0x00000000f3b00000)
  to   space 4096K, 0% used [0x00000000f3380000,0x00000000f3380000,0x00000000f3780000)
 ParOldGen       total 679936K, used 658622K [0x00000000c1c00000, 0x00000000eb400000, 0x00000000eb400000)
  object space 679936K, 96% used [0x00000000c1c00000,0x00000000e9f2fb60,0x00000000eb400000)
 Metaspace       used 12548K, capacity 12812K, committed 13056K, reserved 1060864K
  class space    used 1593K, capacity 1682K, committed 1792K, reserved 1048576K
}
Event: 6.355 GC heap before
{Heap before GC invocations=9 (full 0):
 PSYoungGen      total 134144K, used 120340K [0x00000000eb400000, 0x00000000f3c00000, 0x0000000100000000)
  eden space 130560K, 92% used [0x00000000eb400000,0x00000000f2975030,0x00000000f3380000)
  from space 3584K, 1% used [0x00000000f3780000,0x00000000f3790000,0x00000000f3b00000)
  to   space 4096K, 0% used [0x00000000f3380000,0x00000000f3380000,0x00000000f3780000)
 ParOldGen       total 679936K, used 658622K [0x00000000c1c00000, 0x00000000eb400000, 0x00000000eb400000)
  object space 679936K, 96% used [0x00000000c1c00000,0x00000000e9f2fb60,0x00000000eb400000)
 Metaspace       used 12564K, capacity 12812K, committed 13056K, reserved 1060864K
  class space    used 1593K, capacity 1682K, committed 1792K, reserved 1048576K
Event: 6.368 GC heap after
Heap after GC invocations=9 (full 0):
 PSYoungGen      total 134656K, used 64K [0x00000000eb400000, 0x00000000f3c00000, 0x0000000100000000)
  eden space 130560K, 0% used [0x00000000eb400000,0x00000000eb400000,0x00000000f3380000)
  from space 4096K, 1% used [0x00000000f3380000,0x00000000f3390000,0x00000000f3780000)
  to   space 3584K, 0% used [0x00000000f3780000,0x00000000f3780000,0x00000000f3b00000)
 ParOldGen       total 679936K, used 658630K [0x00000000c1c00000, 0x00000000eb400000, 0x00000000eb400000)
  object space 679936K, 96% used [0x00000000c1c00000,0x00000000e9f31b60,0x00000000eb400000)
 Metaspace       used 12564K, capacity 12812K, committed 13056K, reserved 1060864K
  class space    used 1593K, capacity 1682K, committed 1792K, reserved 1048576K
}

