# JRE version: Java(TM) SE Runtime Environment (8.0_171-b11) (build 1.8.0_171-b11)
# Java VM: Java HotSpot(TM) 64-Bit Server VM (25.171-b11 mixed mode windows-amd64 compressed oops)
Heap:
 PSYoungGen      total 136704K, used 120376K [0x00000000eb400000, 0x00000000f3f00000, 0x0000000100000000)
  eden space 131072K, 91% used [0x00000000eb400000,0x00000000f297e308,0x00000000f3400000)
  from space 5632K, 1% used [0x00000000f3980000,0x00000000f3990000,0x00000000f3f00000)
  to   space 5632K, 0% used [0x00000000f3400000,0x00000000f3400000,0x00000000f3980000)
 ParOldGen       total 679936K, used 664037K [0x00000000c1c00000, 0x00000000eb400000, 0x00000000eb400000)
  object space 679936K, 97% used [0x00000000c1c00000,0x00000000ea479508,0x00000000eb400000)
 Metaspace       used 12576K, capacity 12812K, committed 13056K, reserved 1060864K
  class space    used 1592K, capacity 1682K, committed 1792K, reserved 1048576K
GC Heap History (10 events):
Event: 5.864 GC heap before
{Heap before GC invocations=4 (full 0):
 PSYoungGen      total 18944K, used 17246K [0x00000000eb400000, 0x00000000ed900000, 0x0000000100000000)
  eden space 16384K, 89% used [0x00000000eb400000,0x00000000ec25b7f8,0x00000000ec400000)
  from space 2560K, 99% used [0x00000000ec400000,0x00000000ec67c020,0x00000000ec680000)
  to   space 2560K, 0% used [0x00000000ed680000,0x00000000ed680000,0x00000000ed900000)
 ParOldGen       total 679936K, used 660384K [0x00000000c1c00000, 0x00000000eb400000, 0x00000000eb400000)
  object space 679936K, 97% used [0x00000000c1c00000,0x00000000ea0e8150,0x00000000eb400000)
 Metaspace       used 12554K, capacity 12812K, committed 13056K, reserved 1060864K
  class space    used 1592K, capacity 1682K, committed 1792K, reserved 1048576K
Event: 5.883 GC heap after
Heap after GC invocations=4 (full 0):
 PSYoungGen      total 35328K, used 2528K [0x00000000eb400000, 0x00000000ed900000, 0x0000000100000000)
  eden space 32768K, 0% used [0x00000000eb400000,0x00000000eb400000,0x00000000ed400000)
  from space 2560K, 98% used [0x00000000ed680000,0x00000000ed8f8010,0x00000000ed900000)
  to   space 2560K, 0% used [0x00000000ed400000,0x00000000ed400000,0x00000000ed680000)
 ParOldGen       total 679936K, used 661536K [0x00000000c1c00000, 0x00000000eb400000, 0x00000000eb400000)
  object space 679936K, 97% used [0x00000000c1c00000,0x00000000ea208150,0x00000000eb400000)
 Metaspace       used 12554K, capacity 12812K, committed 13056K, reserved 1060864K
  class space    used 1592K, capacity 1682K, committed 1792K, reserved 1048576K
}
Event: 5.925 GC heap before
{Heap before GC invocations=5 (full 0):
 PSYoungGen      total 35328K, used 26888K [0x00000000eb400000, 0x00000000ed900000, 0x0000000100000000)
  eden space 32768K, 74% used [0x00000000eb400000,0x00000000ecbca1f0,0x00000000ed400000)
  from space 2560K, 98% used [0x00000000ed680000,0x00000000ed8f8010,0x00000000ed900000)
  to   space 2560K, 0% used [0x00000000ed400000,0x00000000ed400000,0x00000000ed680000)
 ParOldGen       total 679936K, used 661536K [0x00000000c1c00000, 0x00000000eb400000, 0x00000000eb400000)
  object space 679936K, 97% used [0x00000000c1c00000,0x00000000ea208150,0x00000000eb400000)
 Metaspace       used 12557K, capacity 12812K, committed 13056K, reserved 1060864K
  class space    used 1592K, capacity 1682K, committed 1792K, reserved 1048576K
Event: 5.943 GC heap after
Heap after GC invocations=5 (full 0):
 PSYoungGen      total 35328K, used 2544K [0x00000000eb400000, 0x00000000efe00000, 0x0000000100000000)
  eden space 32768K, 0% used [0x00000000eb400000,0x00000000eb400000,0x00000000ed400000)
  from space 2560K, 99% used [0x00000000ed400000,0x00000000ed67c020,0x00000000ed680000)
  to   space 5120K, 0% used [0x00000000ef900000,0x00000000ef900000,0x00000000efe00000)
 ParOldGen       total 679936K, used 661544K [0x00000000c1c00000, 0x00000000eb400000, 0x00000000eb400000)
  object space 679936K, 97% used [0x00000000c1c00000,0x00000000ea20a150,0x00000000eb400000)
 Metaspace       used 12557K, capacity 12812K, committed 13056K, reserved 1060864K
  class space    used 1592K, capacity 1682K, committed 1792K, reserved 1048576K
}
Event: 5.981 GC heap before
{Heap before GC invocations=6 (full 0):
 PSYoungGen      total 35328K, used 26804K [0x00000000eb400000, 0x00000000efe00000, 0x0000000100000000)
  eden space 32768K, 74% used [0x00000000eb400000,0x00000000ecbb1080,0x00000000ed400000)
  from space 2560K, 99% used [0x00000000ed400000,0x00000000ed67c020,0x00000000ed680000)
  to   space 5120K, 0% used [0x00000000ef900000,0x00000000ef900000,0x00000000efe00000)
 ParOldGen       total 679936K, used 661544K [0x00000000c1c00000, 0x00000000eb400000, 0x00000000eb400000)
  object space 679936K, 97% used [0x00000000c1c00000,0x00000000ea20a150,0x00000000eb400000)
 Metaspace       used 12563K, capacity 12812K, committed 13056K, reserved 1060864K
  class space    used 1592K, capacity 1682K, committed 1792K, reserved 1048576K
Event: 5.996 GC heap after
Heap after GC invocations=6 (full 0):
 PSYoungGen      total 70656K, used 2544K [0x00000000eb400000, 0x00000000efe00000, 0x0000000100000000)
  eden space 65536K, 0% used [0x00000000eb400000,0x00000000eb400000,0x00000000ef400000)
  from space 5120K, 49% used [0x00000000ef900000,0x00000000efb7c020,0x00000000efe00000)
  to   space 5120K, 0% used [0x00000000ef400000,0x00000000ef400000,0x00000000ef900000)
 ParOldGen       total 679936K, used 661544K [0x00000000c1c00000, 0x00000000eb400000, 0x00000000eb400000)
  object space 679936K, 97% used [0x00000000c1c00000,0x00000000ea20a150,0x00000000eb400000)
 Metaspace       used 12563K, capacity 12812K, committed 13056K, reserved 1060864K
  class space    used 1592K, capacity 1682K, committed 1792K, reserved 1048576K
}
Event: 6.089 GC heap before
{Heap before GC invocations=7 (full 0):
 PSYoungGen      total 70656K, used 50935K [0x00000000eb400000, 0x00000000efe00000, 0x0000000100000000)
  eden space 65536K, 73% used [0x00000000eb400000,0x00000000ee341d40,0x00000000ef400000)
  from space 5120K, 49% used [0x00000000ef900000,0x00000000efb7c020,0x00000000efe00000)
  to   space 5120K, 0% used [0x00000000ef400000,0x00000000ef400000,0x00000000ef900000)
 ParOldGen       total 679936K, used 661544K [0x00000000c1c00000, 0x00000000eb400000, 0x00000000eb400000)
  object space 679936K, 97% used [0x00000000c1c00000,0x00000000ea20a150,0x00000000eb400000)
 Metaspace       used 12568K, capacity 12812K, committed 13056K, reserved 1060864K
  class space    used 1592K, capacity 1682K, committed 1792K, reserved 1048576K
Event: 6.107 GC heap after
Heap after GC invocations=7 (full 0):
 PSYoungGen      total 70656K, used 1312K [0x00000000eb400000, 0x00000000f3f00000, 0x0000000100000000)
  eden space 65536K, 0% used [0x00000000eb400000,0x00000000eb400000,0x00000000ef400000)
  from space 5120K, 25% used [0x00000000ef400000,0x00000000ef548010,0x00000000ef900000)
  to   space 5632K, 0% used [0x00000000f3980000,0x00000000f3980000,0x00000000f3f00000)
 ParOldGen       total 679936K, used 662765K [0x00000000c1c00000, 0x00000000eb400000, 0x00000000eb400000)
  object space 679936K, 97% used [0x00000000c1c00000,0x00000000ea33b4f8,0x00000000eb400000)
 Metaspace       used 12568K, capacity 12812K, committed 13056K, reserved 1060864K
  class space    used 1592K, capacity 1682K, committed 1792K, reserved 1048576K
}
Event: 6.172 GC heap before
{Heap before GC invocations=8 (full 0):
 PSYoungGen      total 70656K, used 49618K [0x00000000eb400000, 0x00000000f3f00000, 0x0000000100000000)
  eden space 65536K, 73% used [0x00000000eb400000,0x00000000ee32cb70,0x00000000ef400000)
  from space 5120K, 25% used [0x00000000ef400000,0x00000000ef548010,0x00000000ef900000)
  to   space 5632K, 0% used [0x00000000f3980000,0x00000000f3980000,0x00000000f3f00000)
 ParOldGen       total 679936K, used 662765K [0x00000000c1c00000, 0x00000000eb400000, 0x00000000eb400000)
  object space 679936K, 97% used [0x00000000c1c00000,0x00000000ea33b4f8,0x00000000eb400000)
 Metaspace       used 12570K, capacity 12812K, committed 13056K, reserved 1060864K
  class space    used 1592K, capacity 1682K, committed 1792K, reserved 1048576K
Event: 6.182 GC heap after
Heap after GC invocations=8 (full 0):
 PSYoungGen      total 136704K, used 64K [0x00000000eb400000, 0x00000000f3f00000, 0x0000000100000000)
  eden space 131072K, 0% used [0x00000000eb400000,0x00000000eb400000,0x00000000f3400000)
  from space 5632K, 1% used [0x00000000f3980000,0x00000000f3990000,0x00000000f3f00000)
  to   space 5632K, 0% used [0x00000000f3400000,0x00000000f3400000,0x00000000f3980000)
 ParOldGen       total 679936K, used 664037K [0x00000000c1c00000, 0x00000000eb400000, 0x00000000eb400000)
  object space 679936K, 97% used [0x00000000c1c00000,0x00000000ea479508,0x00000000eb400000)
 Metaspace       used 12570K, capacity 12812K, committed 13056K, reserved 1060864K
  class space    used 1592K, capacity 1682K, committed 1792K, reserved 1048576K
}

