# JRE version: Java(TM) SE Runtime Environment (8.0_171-b11) (build 1.8.0_171-b11)
# Java VM: Java HotSpot(TM) 64-Bit Server VM (25.171-b11 mixed mode windows-amd64 compressed oops)
Heap:
 PSYoungGen      total 35328K, used 26218K [0x00000000eb400000, 0x00000000ed900000, 0x0000000100000000)
  eden space 32768K, 72% used [0x00000000eb400000,0x00000000ecb1ea58,0x00000000ed400000)
  from space 2560K, 99% used [0x00000000ed680000,0x00000000ed8fc020,0x00000000ed900000)
  to   space 2560K, 0% used [0x00000000ed400000,0x00000000ed400000,0x00000000ed680000)
 ParOldGen       total 67584K, used 51439K [0x00000000c1c00000, 0x00000000c5e00000, 0x00000000eb400000)
  object space 67584K, 76% used [0x00000000c1c00000,0x00000000c4e3bc40,0x00000000c5e00000)
 Metaspace       used 11523K, capacity 11736K, committed 11776K, reserved 1058816K
  class space    used 1437K, capacity 1518K, committed 1536K, reserved 1048576K
GC Heap History (10 events):
Event: 3.315 GC heap before
{Heap before GC invocations=2 (full 0):
 PSYoungGen      total 18944K, used 18925K [0x00000000eb400000, 0x00000000ec900000, 0x0000000100000000)
  eden space 16384K, 100% used [0x00000000eb400000,0x00000000ec400000,0x00000000ec400000)
  from space 2560K, 99% used [0x00000000ec400000,0x00000000ec67b6b0,0x00000000ec680000)
  to   space 2560K, 0% used [0x00000000ec680000,0x00000000ec680000,0x00000000ec900000)
 ParOldGen       total 44032K, used 884K [0x00000000c1c00000, 0x00000000c4700000, 0x00000000eb400000)
  object space 44032K, 2% used [0x00000000c1c00000,0x00000000c1cdd010,0x00000000c4700000)
 Metaspace       used 11040K, capacity 11252K, committed 11520K, reserved 1058816K
  class space    used 1411K, capacity 1486K, committed 1536K, reserved 1048576K
Event: 3.387 GC heap after
Heap after GC invocations=2 (full 0):
 PSYoungGen      total 18944K, used 2549K [0x00000000eb400000, 0x00000000ed900000, 0x0000000100000000)
  eden space 16384K, 0% used [0x00000000eb400000,0x00000000eb400000,0x00000000ec400000)
  from space 2560K, 99% used [0x00000000ec680000,0x00000000ec8fd6a0,0x00000000ec900000)
  to   space 2560K, 0% used [0x00000000ec400000,0x00000000ec400000,0x00000000ec680000)
 ParOldGen       total 44032K, used 3612K [0x00000000c1c00000, 0x00000000c4700000, 0x00000000eb400000)
  object space 44032K, 8% used [0x00000000c1c00000,0x00000000c1f87010,0x00000000c4700000)
 Metaspace       used 11040K, capacity 11252K, committed 11520K, reserved 1058816K
  class space    used 1411K, capacity 1486K, committed 1536K, reserved 1048576K
}
Event: 4.052 GC heap before
{Heap before GC invocations=3 (full 0):
 PSYoungGen      total 18944K, used 18933K [0x00000000eb400000, 0x00000000ed900000, 0x0000000100000000)
  eden space 16384K, 100% used [0x00000000eb400000,0x00000000ec400000,0x00000000ec400000)
  from space 2560K, 99% used [0x00000000ec680000,0x00000000ec8fd6a0,0x00000000ec900000)
  to   space 2560K, 0% used [0x00000000ec400000,0x00000000ec400000,0x00000000ec680000)
 ParOldGen       total 44032K, used 3612K [0x00000000c1c00000, 0x00000000c4700000, 0x00000000eb400000)
  object space 44032K, 8% used [0x00000000c1c00000,0x00000000c1f87010,0x00000000c4700000)
 Metaspace       used 11351K, capacity 11544K, committed 11776K, reserved 1058816K
  class space    used 1434K, capacity 1518K, committed 1536K, reserved 1048576K
Event: 4.065 GC heap after
Heap after GC invocations=3 (full 0):
 PSYoungGen      total 18944K, used 2544K [0x00000000eb400000, 0x00000000ed900000, 0x0000000100000000)
  eden space 16384K, 0% used [0x00000000eb400000,0x00000000eb400000,0x00000000ec400000)
  from space 2560K, 99% used [0x00000000ec400000,0x00000000ec67c020,0x00000000ec680000)
  to   space 2560K, 0% used [0x00000000ed680000,0x00000000ed680000,0x00000000ed900000)
 ParOldGen       total 44032K, used 3636K [0x00000000c1c00000, 0x00000000c4700000, 0x00000000eb400000)
  object space 44032K, 8% used [0x00000000c1c00000,0x00000000c1f8d010,0x00000000c4700000)
 Metaspace       used 11351K, capacity 11544K, committed 11776K, reserved 1058816K
  class space    used 1434K, capacity 1518K, committed 1536K, reserved 1048576K
}
Event: 4.820 GC heap before
{Heap before GC invocations=4 (full 0):
 PSYoungGen      total 18944K, used 9984K [0x00000000eb400000, 0x00000000ed900000, 0x0000000100000000)
  eden space 16384K, 45% used [0x00000000eb400000,0x00000000ebb44148,0x00000000ec400000)
  from space 2560K, 99% used [0x00000000ec400000,0x00000000ec67c020,0x00000000ec680000)
  to   space 2560K, 0% used [0x00000000ed680000,0x00000000ed680000,0x00000000ed900000)
 ParOldGen       total 67584K, used 50511K [0x00000000c1c00000, 0x00000000c5e00000, 0x00000000eb400000)
  object space 67584K, 74% used [0x00000000c1c00000,0x00000000c4d53c40,0x00000000c5e00000)
 Metaspace       used 11454K, capacity 11672K, committed 11776K, reserved 1058816K
  class space    used 1436K, capacity 1518K, committed 1536K, reserved 1048576K
Event: 4.838 GC heap after
Heap after GC invocations=4 (full 0):
 PSYoungGen      total 35328K, used 2544K [0x00000000eb400000, 0x00000000ed900000, 0x0000000100000000)
  eden space 32768K, 0% used [0x00000000eb400000,0x00000000eb400000,0x00000000ed400000)
  from space 2560K, 99% used [0x00000000ed680000,0x00000000ed8fc020,0x00000000ed900000)
  to   space 2560K, 0% used [0x00000000ed400000,0x00000000ed400000,0x00000000ed680000)
 ParOldGen       total 67584K, used 51439K [0x00000000c1c00000, 0x00000000c5e00000, 0x00000000eb400000)
  object space 67584K, 76% used [0x00000000c1c00000,0x00000000c4e3bc40,0x00000000c5e00000)
 Metaspace       used 11454K, capacity 11672K, committed 11776K, reserved 1058816K
  class space    used 1436K, capacity 1518K, committed 1536K, reserved 1048576K
}
Event: 5.020 GC heap before
{Heap before GC invocations=5 (full 0):
 PSYoungGen      total 35328K, used 27186K [0x00000000eb400000, 0x00000000ed900000, 0x0000000100000000)
  eden space 32768K, 75% used [0x00000000eb400000,0x00000000ecc10a88,0x00000000ed400000)
  from space 2560K, 99% used [0x00000000ed680000,0x00000000ed8fc020,0x00000000ed900000)
  to   space 2560K, 0% used [0x00000000ed400000,0x00000000ed400000,0x00000000ed680000)
 ParOldGen       total 67584K, used 51439K [0x00000000c1c00000, 0x00000000c5e00000, 0x00000000eb400000)
  object space 67584K, 76% used [0x00000000c1c00000,0x00000000c4e3bc40,0x00000000c5e00000)
 Metaspace       used 11484K, capacity 11736K, committed 11776K, reserved 1058816K
  class space    used 1437K, capacity 1518K, committed 1536K, reserved 1048576K
Event: 5.032 GC heap after
Heap after GC invocations=5 (full 0):
 PSYoungGen      total 35328K, used 2544K [0x00000000eb400000, 0x00000000ed900000, 0x0000000100000000)
  eden space 32768K, 0% used [0x00000000eb400000,0x00000000eb400000,0x00000000ed400000)
  from space 2560K, 99% used [0x00000000ed400000,0x00000000ed67c020,0x00000000ed680000)
  to   space 2560K, 0% used [0x00000000ed680000,0x00000000ed680000,0x00000000ed900000)
 ParOldGen       total 67584K, used 51439K [0x00000000c1c00000, 0x00000000c5e00000, 0x00000000eb400000)
  object space 67584K, 76% used [0x00000000c1c00000,0x00000000c4e3bc40,0x00000000c5e00000)
 Metaspace       used 11484K, capacity 11736K, committed 11776K, reserved 1058816K
  class space    used 1437K, capacity 1518K, committed 1536K, reserved 1048576K
}
Event: 5.179 GC heap before
{Heap before GC invocations=6 (full 0):
 PSYoungGen      total 35328K, used 26893K [0x00000000eb400000, 0x00000000ed900000, 0x0000000100000000)
  eden space 32768K, 74% used [0x00000000eb400000,0x00000000ecbc7748,0x00000000ed400000)
  from space 2560K, 99% used [0x00000000ed400000,0x00000000ed67c020,0x00000000ed680000)
  to   space 2560K, 0% used [0x00000000ed680000,0x00000000ed680000,0x00000000ed900000)
 ParOldGen       total 67584K, used 51439K [0x00000000c1c00000, 0x00000000c5e00000, 0x00000000eb400000)
  object space 67584K, 76% used [0x00000000c1c00000,0x00000000c4e3bc40,0x00000000c5e00000)
 Metaspace       used 11502K, capacity 11736K, committed 11776K, reserved 1058816K
  class space    used 1437K, capacity 1518K, committed 1536K, reserved 1048576K
Event: 5.188 GC heap after
Heap after GC invocations=6 (full 0):
 PSYoungGen      total 35328K, used 2544K [0x00000000eb400000, 0x00000000ed900000, 0x0000000100000000)
  eden space 32768K, 0% used [0x00000000eb400000,0x00000000eb400000,0x00000000ed400000)
  from space 2560K, 99% used [0x00000000ed680000,0x00000000ed8fc020,0x00000000ed900000)
  to   space 2560K, 0% used [0x00000000ed400000,0x00000000ed400000,0x00000000ed680000)
 ParOldGen       total 67584K, used 51439K [0x00000000c1c00000, 0x00000000c5e00000, 0x00000000eb400000)
  object space 67584K, 76% used [0x00000000c1c00000,0x00000000c4e3bc40,0x00000000c5e00000)
 Metaspace       used 11502K, capacity 11736K, committed 11776K, reserved 1058816K
  class space    used 1437K, capacity 1518K, committed 1536K, reserved 1048576K
}

