# JRE version: Java(TM) SE Runtime Environment (8.0_171-b11) (build 1.8.0_171-b11)
# Java VM: Java HotSpot(TM) 64-Bit Server VM (25.171-b11 mixed mode windows-amd64 compressed oops)
Heap:
 PSYoungGen      total 35328K, used 27518K [0x00000000eb400000, 0x00000000ed900000, 0x0000000100000000)
  eden space 32768K, 83% used [0x00000000eb400000,0x00000000ececfb50,0x00000000ed400000)
  from space 2560K, 2% used [0x00000000ed680000,0x00000000ed690000,0x00000000ed900000)
  to   space 2560K, 0% used [0x00000000ed400000,0x00000000ed400000,0x00000000ed680000)
 ParOldGen       total 397312K, used 382748K [0x00000000c1c00000, 0x00000000da000000, 0x00000000eb400000)
  object space 397312K, 96% used [0x00000000c1c00000,0x00000000d91c7240,0x00000000da000000)
 Metaspace       used 12370K, capacity 12588K, committed 12672K, reserved 1060864K
  class space    used 1567K, capacity 1650K, committed 1664K, reserved 1048576K
GC Heap History (10 events):
Event: 7.034 GC heap before
{Heap before GC invocations=26 (full 0):
 PSYoungGen      total 35328K, used 24220K [0x00000000eb400000, 0x00000000ed900000, 0x0000000100000000)
  eden space 32768K, 73% used [0x00000000eb400000,0x00000000ecb97248,0x00000000ed400000)
  from space 2560K, 2% used [0x00000000ed400000,0x00000000ed410000,0x00000000ed680000)
  to   space 2560K, 0% used [0x00000000ed680000,0x00000000ed680000,0x00000000ed900000)
 ParOldGen       total 397312K, used 382620K [0x00000000c1c00000, 0x00000000da000000, 0x00000000eb400000)
  object space 397312K, 96% used [0x00000000c1c00000,0x00000000d91a7240,0x00000000da000000)
 Metaspace       used 12324K, capacity 12580K, committed 12672K, reserved 1060864K
  class space    used 1566K, capacity 1650K, committed 1664K, reserved 1048576K
Event: 7.041 GC heap after
Heap after GC invocations=26 (full 0):
 PSYoungGen      total 35328K, used 64K [0x00000000eb400000, 0x00000000ed900000, 0x0000000100000000)
  eden space 32768K, 0% used [0x00000000eb400000,0x00000000eb400000,0x00000000ed400000)
  from space 2560K, 2% used [0x00000000ed680000,0x00000000ed690000,0x00000000ed900000)
  to   space 2560K, 0% used [0x00000000ed400000,0x00000000ed400000,0x00000000ed680000)
 ParOldGen       total 397312K, used 382652K [0x00000000c1c00000, 0x00000000da000000, 0x00000000eb400000)
  object space 397312K, 96% used [0x00000000c1c00000,0x00000000d91af240,0x00000000da000000)
 Metaspace       used 12324K, capacity 12580K, committed 12672K, reserved 1060864K
  class space    used 1566K, capacity 1650K, committed 1664K, reserved 1048576K
}
Event: 7.121 GC heap before
{Heap before GC invocations=27 (full 0):
 PSYoungGen      total 35328K, used 24296K [0x00000000eb400000, 0x00000000ed900000, 0x0000000100000000)
  eden space 32768K, 73% used [0x00000000eb400000,0x00000000ecbaa130,0x00000000ed400000)
  from space 2560K, 2% used [0x00000000ed680000,0x00000000ed690000,0x00000000ed900000)
  to   space 2560K, 0% used [0x00000000ed400000,0x00000000ed400000,0x00000000ed680000)
 ParOldGen       total 397312K, used 382652K [0x00000000c1c00000, 0x00000000da000000, 0x00000000eb400000)
  object space 397312K, 96% used [0x00000000c1c00000,0x00000000d91af240,0x00000000da000000)
 Metaspace       used 12328K, capacity 12580K, committed 12672K, reserved 1060864K
  class space    used 1566K, capacity 1650K, committed 1664K, reserved 1048576K
Event: 7.130 GC heap after
Heap after GC invocations=27 (full 0):
 PSYoungGen      total 35328K, used 32K [0x00000000eb400000, 0x00000000ed900000, 0x0000000100000000)
  eden space 32768K, 0% used [0x00000000eb400000,0x00000000eb400000,0x00000000ed400000)
  from space 2560K, 1% used [0x00000000ed400000,0x00000000ed408000,0x00000000ed680000)
  to   space 2560K, 0% used [0x00000000ed680000,0x00000000ed680000,0x00000000ed900000)
 ParOldGen       total 397312K, used 382660K [0x00000000c1c00000, 0x00000000da000000, 0x00000000eb400000)
  object space 397312K, 96% used [0x00000000c1c00000,0x00000000d91b1240,0x00000000da000000)
 Metaspace       used 12328K, capacity 12580K, committed 12672K, reserved 1060864K
  class space    used 1566K, capacity 1650K, committed 1664K, reserved 1048576K
}
Event: 7.168 GC heap before
{Heap before GC invocations=28 (full 0):
 PSYoungGen      total 35328K, used 24125K [0x00000000eb400000, 0x00000000ed900000, 0x0000000100000000)
  eden space 32768K, 73% used [0x00000000eb400000,0x00000000ecb87778,0x00000000ed400000)
  from space 2560K, 1% used [0x00000000ed400000,0x00000000ed408000,0x00000000ed680000)
  to   space 2560K, 0% used [0x00000000ed680000,0x00000000ed680000,0x00000000ed900000)
 ParOldGen       total 397312K, used 382660K [0x00000000c1c00000, 0x00000000da000000, 0x00000000eb400000)
  object space 397312K, 96% used [0x00000000c1c00000,0x00000000d91b1240,0x00000000da000000)
 Metaspace       used 12333K, capacity 12588K, committed 12672K, reserved 1060864K
  class space    used 1566K, capacity 1650K, committed 1664K, reserved 1048576K
Event: 7.175 GC heap after
Heap after GC invocations=28 (full 0):
 PSYoungGen      total 35328K, used 64K [0x00000000eb400000, 0x00000000ed900000, 0x0000000100000000)
  eden space 32768K, 0% used [0x00000000eb400000,0x00000000eb400000,0x00000000ed400000)
  from space 2560K, 2% used [0x00000000ed680000,0x00000000ed690000,0x00000000ed900000)
  to   space 2560K, 0% used [0x00000000ed400000,0x00000000ed400000,0x00000000ed680000)
 ParOldGen       total 397312K, used 382668K [0x00000000c1c00000, 0x00000000da000000, 0x00000000eb400000)
  object space 397312K, 96% used [0x00000000c1c00000,0x00000000d91b3240,0x00000000da000000)
 Metaspace       used 12333K, capacity 12588K, committed 12672K, reserved 1060864K
  class space    used 1566K, capacity 1650K, committed 1664K, reserved 1048576K
}
Event: 7.204 GC heap before
{Heap before GC invocations=29 (full 0):
 PSYoungGen      total 35328K, used 24146K [0x00000000eb400000, 0x00000000ed900000, 0x0000000100000000)
  eden space 32768K, 73% used [0x00000000eb400000,0x00000000ecb84af8,0x00000000ed400000)
  from space 2560K, 2% used [0x00000000ed680000,0x00000000ed690000,0x00000000ed900000)
  to   space 2560K, 0% used [0x00000000ed400000,0x00000000ed400000,0x00000000ed680000)
 ParOldGen       total 397312K, used 382668K [0x00000000c1c00000, 0x00000000da000000, 0x00000000eb400000)
  object space 397312K, 96% used [0x00000000c1c00000,0x00000000d91b3240,0x00000000da000000)
 Metaspace       used 12333K, capacity 12588K, committed 12672K, reserved 1060864K
  class space    used 1566K, capacity 1650K, committed 1664K, reserved 1048576K
Event: 7.207 GC heap after
Heap after GC invocations=29 (full 0):
 PSYoungGen      total 35328K, used 64K [0x00000000eb400000, 0x00000000ed900000, 0x0000000100000000)
  eden space 32768K, 0% used [0x00000000eb400000,0x00000000eb400000,0x00000000ed400000)
  from space 2560K, 2% used [0x00000000ed400000,0x00000000ed410000,0x00000000ed680000)
  to   space 2560K, 0% used [0x00000000ed680000,0x00000000ed680000,0x00000000ed900000)
 ParOldGen       total 397312K, used 382708K [0x00000000c1c00000, 0x00000000da000000, 0x00000000eb400000)
  object space 397312K, 96% used [0x00000000c1c00000,0x00000000d91bd240,0x00000000da000000)
 Metaspace       used 12333K, capacity 12588K, committed 12672K, reserved 1060864K
  class space    used 1566K, capacity 1650K, committed 1664K, reserved 1048576K
}
Event: 7.231 GC heap before
{Heap before GC invocations=30 (full 0):
 PSYoungGen      total 35328K, used 24141K [0x00000000eb400000, 0x00000000ed900000, 0x0000000100000000)
  eden space 32768K, 73% used [0x00000000eb400000,0x00000000ecb83538,0x00000000ed400000)
  from space 2560K, 2% used [0x00000000ed400000,0x00000000ed410000,0x00000000ed680000)
  to   space 2560K, 0% used [0x00000000ed680000,0x00000000ed680000,0x00000000ed900000)
 ParOldGen       total 397312K, used 382708K [0x00000000c1c00000, 0x00000000da000000, 0x00000000eb400000)
  object space 397312K, 96% used [0x00000000c1c00000,0x00000000d91bd240,0x00000000da000000)
 Metaspace       used 12333K, capacity 12588K, committed 12672K, reserved 1060864K
  class space    used 1566K, capacity 1650K, committed 1664K, reserved 1048576K
Event: 7.234 GC heap after
Heap after GC invocations=30 (full 0):
 PSYoungGen      total 35328K, used 64K [0x00000000eb400000, 0x00000000ed900000, 0x0000000100000000)
  eden space 32768K, 0% used [0x00000000eb400000,0x00000000eb400000,0x00000000ed400000)
  from space 2560K, 2% used [0x00000000ed680000,0x00000000ed690000,0x00000000ed900000)
  to   space 2560K, 0% used [0x00000000ed400000,0x00000000ed400000,0x00000000ed680000)
 ParOldGen       total 397312K, used 382748K [0x00000000c1c00000, 0x00000000da000000, 0x00000000eb400000)
  object space 397312K, 96% used [0x00000000c1c00000,0x00000000d91c7240,0x00000000da000000)
 Metaspace       used 12333K, capacity 12588K, committed 12672K, reserved 1060864K
  class space    used 1566K, capacity 1650K, committed 1664K, reserved 1048576K
}

