# JRE version: Java(TM) SE Runtime Environment (8.0_171-b11) (build 1.8.0_171-b11)
# Java VM: Java HotSpot(TM) 64-Bit Server VM (25.171-b11 mixed mode windows-amd64 compressed oops)
Heap:
 PSYoungGen      total 71168K, used 32400K [0x00000000eb400000, 0x00000000eff00000, 0x0000000100000000)
  eden space 65536K, 49% used [0x00000000eb400000,0x00000000ed394048,0x00000000ef400000)
  from space 5632K, 1% used [0x00000000ef980000,0x00000000ef990000,0x00000000eff00000)
  to   space 5632K, 0% used [0x00000000ef400000,0x00000000ef400000,0x00000000ef980000)
 ParOldGen       total 679936K, used 662933K [0x00000000c1c00000, 0x00000000eb400000, 0x00000000eb400000)
  object space 679936K, 97% used [0x00000000c1c00000,0x00000000ea365528,0x00000000eb400000)
 Metaspace       used 11733K, capacity 11984K, committed 12032K, reserved 1060864K
  class space    used 1437K, capacity 1518K, committed 1536K, reserved 1048576K
GC Heap History (10 events):
Event: 5.487 GC heap before
{Heap before GC invocations=8 (full 0):
 PSYoungGen      total 71168K, used 49292K [0x00000000eb400000, 0x00000000eff00000, 0x0000000100000000)
  eden space 65536K, 73% used [0x00000000eb400000,0x00000000ee33b3e8,0x00000000ef400000)
  from space 5632K, 16% used [0x00000000ef400000,0x00000000ef4e8010,0x00000000ef980000)
  to   space 5632K, 0% used [0x00000000ef980000,0x00000000ef980000,0x00000000eff00000)
 ParOldGen       total 679936K, used 662001K [0x00000000c1c00000, 0x00000000eb400000, 0x00000000eb400000)
  object space 679936K, 97% used [0x00000000c1c00000,0x00000000ea27c508,0x00000000eb400000)
 Metaspace       used 11682K, capacity 11920K, committed 12032K, reserved 1060864K
  class space    used 1437K, capacity 1518K, committed 1536K, reserved 1048576K
Event: 5.500 GC heap after
Heap after GC invocations=8 (full 0):
 PSYoungGen      total 71168K, used 32K [0x00000000eb400000, 0x00000000eff00000, 0x0000000100000000)
  eden space 65536K, 0% used [0x00000000eb400000,0x00000000eb400000,0x00000000ef400000)
  from space 5632K, 0% used [0x00000000ef980000,0x00000000ef988000,0x00000000eff00000)
  to   space 5632K, 0% used [0x00000000ef400000,0x00000000ef400000,0x00000000ef980000)
 ParOldGen       total 679936K, used 662881K [0x00000000c1c00000, 0x00000000eb400000, 0x00000000eb400000)
  object space 679936K, 97% used [0x00000000c1c00000,0x00000000ea358518,0x00000000eb400000)
 Metaspace       used 11682K, capacity 11920K, committed 12032K, reserved 1060864K
  class space    used 1437K, capacity 1518K, committed 1536K, reserved 1048576K
}
Event: 5.569 GC heap before
{Heap before GC invocations=9 (full 0):
 PSYoungGen      total 71168K, used 48442K [0x00000000eb400000, 0x00000000eff00000, 0x0000000100000000)
  eden space 65536K, 73% used [0x00000000eb400000,0x00000000ee3468e0,0x00000000ef400000)
  from space 5632K, 0% used [0x00000000ef980000,0x00000000ef988000,0x00000000eff00000)
  to   space 5632K, 0% used [0x00000000ef400000,0x00000000ef400000,0x00000000ef980000)
 ParOldGen       total 679936K, used 662881K [0x00000000c1c00000, 0x00000000eb400000, 0x00000000eb400000)
  object space 679936K, 97% used [0x00000000c1c00000,0x00000000ea358518,0x00000000eb400000)
 Metaspace       used 11682K, capacity 11920K, committed 12032K, reserved 1060864K
  class space    used 1437K, capacity 1518K, committed 1536K, reserved 1048576K
Event: 5.576 GC heap after
Heap after GC invocations=9 (full 0):
 PSYoungGen      total 71168K, used 64K [0x00000000eb400000, 0x00000000eff00000, 0x0000000100000000)
  eden space 65536K, 0% used [0x00000000eb400000,0x00000000eb400000,0x00000000ef400000)
  from space 5632K, 1% used [0x00000000ef400000,0x00000000ef410000,0x00000000ef980000)
  to   space 5632K, 0% used [0x00000000ef980000,0x00000000ef980000,0x00000000eff00000)
 ParOldGen       total 679936K, used 662889K [0x00000000c1c00000, 0x00000000eb400000, 0x00000000eb400000)
  object space 679936K, 97% used [0x00000000c1c00000,0x00000000ea35a518,0x00000000eb400000)
 Metaspace       used 11682K, capacity 11920K, committed 12032K, reserved 1060864K
  class space    used 1437K, capacity 1518K, committed 1536K, reserved 1048576K
}
Event: 5.653 GC heap before
{Heap before GC invocations=10 (full 0):
 PSYoungGen      total 71168K, used 48466K [0x00000000eb400000, 0x00000000eff00000, 0x0000000100000000)
  eden space 65536K, 73% used [0x00000000eb400000,0x00000000ee344b88,0x00000000ef400000)
  from space 5632K, 1% used [0x00000000ef400000,0x00000000ef410000,0x00000000ef980000)
  to   space 5632K, 0% used [0x00000000ef980000,0x00000000ef980000,0x00000000eff00000)
 ParOldGen       total 679936K, used 662889K [0x00000000c1c00000, 0x00000000eb400000, 0x00000000eb400000)
  object space 679936K, 97% used [0x00000000c1c00000,0x00000000ea35a518,0x00000000eb400000)
 Metaspace       used 11685K, capacity 11920K, committed 12032K, reserved 1060864K
  class space    used 1437K, capacity 1518K, committed 1536K, reserved 1048576K
Event: 5.661 GC heap after
Heap after GC invocations=10 (full 0):
 PSYoungGen      total 71168K, used 64K [0x00000000eb400000, 0x00000000eff00000, 0x0000000100000000)
  eden space 65536K, 0% used [0x00000000eb400000,0x00000000eb400000,0x00000000ef400000)
  from space 5632K, 1% used [0x00000000ef980000,0x00000000ef990000,0x00000000eff00000)
  to   space 5632K, 0% used [0x00000000ef400000,0x00000000ef400000,0x00000000ef980000)
 ParOldGen       total 679936K, used 662909K [0x00000000c1c00000, 0x00000000eb400000, 0x00000000eb400000)
  object space 679936K, 97% used [0x00000000c1c00000,0x00000000ea35f528,0x00000000eb400000)
 Metaspace       used 11685K, capacity 11920K, committed 12032K, reserved 1060864K
  class space    used 1437K, capacity 1518K, committed 1536K, reserved 1048576K
}
Event: 5.736 GC heap before
{Heap before GC invocations=11 (full 0):
 PSYoungGen      total 71168K, used 48436K [0x00000000eb400000, 0x00000000eff00000, 0x0000000100000000)
  eden space 65536K, 73% used [0x00000000eb400000,0x00000000ee33d368,0x00000000ef400000)
  from space 5632K, 1% used [0x00000000ef980000,0x00000000ef990000,0x00000000eff00000)
  to   space 5632K, 0% used [0x00000000ef400000,0x00000000ef400000,0x00000000ef980000)
 ParOldGen       total 679936K, used 662909K [0x00000000c1c00000, 0x00000000eb400000, 0x00000000eb400000)
  object space 679936K, 97% used [0x00000000c1c00000,0x00000000ea35f528,0x00000000eb400000)
 Metaspace       used 11686K, capacity 11920K, committed 12032K, reserved 1060864K
  class space    used 1437K, capacity 1518K, committed 1536K, reserved 1048576K
Event: 5.745 GC heap after
Heap after GC invocations=11 (full 0):
 PSYoungGen      total 71168K, used 64K [0x00000000eb400000, 0x00000000eff00000, 0x0000000100000000)
  eden space 65536K, 0% used [0x00000000eb400000,0x00000000eb400000,0x00000000ef400000)
  from space 5632K, 1% used [0x00000000ef400000,0x00000000ef410000,0x00000000ef980000)
  to   space 5632K, 0% used [0x00000000ef980000,0x00000000ef980000,0x00000000eff00000)
 ParOldGen       total 679936K, used 662925K [0x00000000c1c00000, 0x00000000eb400000, 0x00000000eb400000)
  object space 679936K, 97% used [0x00000000c1c00000,0x00000000ea363528,0x00000000eb400000)
 Metaspace       used 11686K, capacity 11920K, committed 12032K, reserved 1060864K
  class space    used 1437K, capacity 1518K, committed 1536K, reserved 1048576K
}
Event: 5.821 GC heap before
{Heap before GC invocations=12 (full 0):
 PSYoungGen      total 71168K, used 48402K [0x00000000eb400000, 0x00000000eff00000, 0x0000000100000000)
  eden space 65536K, 73% used [0x00000000eb400000,0x00000000ee334988,0x00000000ef400000)
  from space 5632K, 1% used [0x00000000ef400000,0x00000000ef410000,0x00000000ef980000)
  to   space 5632K, 0% used [0x00000000ef980000,0x00000000ef980000,0x00000000eff00000)
 ParOldGen       total 679936K, used 662925K [0x00000000c1c00000, 0x00000000eb400000, 0x00000000eb400000)
  object space 679936K, 97% used [0x00000000c1c00000,0x00000000ea363528,0x00000000eb400000)
 Metaspace       used 11687K, capacity 11920K, committed 12032K, reserved 1060864K
  class space    used 1437K, capacity 1518K, committed 1536K, reserved 1048576K
Event: 5.829 GC heap after
Heap after GC invocations=12 (full 0):
 PSYoungGen      total 71168K, used 64K [0x00000000eb400000, 0x00000000eff00000, 0x0000000100000000)
  eden space 65536K, 0% used [0x00000000eb400000,0x00000000eb400000,0x00000000ef400000)
  from space 5632K, 1% used [0x00000000ef980000,0x00000000ef990000,0x00000000eff00000)
  to   space 5632K, 0% used [0x00000000ef400000,0x00000000ef400000,0x00000000ef980000)
 ParOldGen       total 679936K, used 662933K [0x00000000c1c00000, 0x00000000eb400000, 0x00000000eb400000)
  object space 679936K, 97% used [0x00000000c1c00000,0x00000000ea365528,0x00000000eb400000)
 Metaspace       used 11687K, capacity 11920K, committed 12032K, reserved 1060864K
  class space    used 1437K, capacity 1518K, committed 1536K, reserved 1048576K
}

