# JRE version: Java(TM) SE Runtime Environment (8.0_171-b11) (build 1.8.0_171-b11)
# Java VM: Java HotSpot(TM) 64-Bit Server VM (25.171-b11 mixed mode windows-amd64 compressed oops)
Heap:
 PSYoungGen      total 136704K, used 99798K [0x00000000eb400000, 0x00000000f4000000, 0x0000000100000000)
  eden space 130560K, 76% used [0x00000000eb400000,0x00000000f1565890,0x00000000f3380000)
  from space 6144K, 1% used [0x00000000f3380000,0x00000000f3390000,0x00000000f3980000)
  to   space 5632K, 0% used [0x00000000f3980000,0x00000000f3980000,0x00000000f3f00000)
 ParOldGen       total 679936K, used 663371K [0x00000000c1c00000, 0x00000000eb400000, 0x00000000eb400000)
  object space 679936K, 97% used [0x00000000c1c00000,0x00000000ea3d2e88,0x00000000eb400000)
 Metaspace       used 12567K, capacity 12812K, committed 13056K, reserved 1060864K
  class space    used 1592K, capacity 1682K, committed 1792K, reserved 1048576K
GC Heap History (10 events):
Event: 7.052 GC heap before
{Heap before GC invocations=5 (full 0):
 PSYoungGen      total 35328K, used 26925K [0x00000000eb400000, 0x00000000ed900000, 0x0000000100000000)
  eden space 32768K, 74% used [0x00000000eb400000,0x00000000ecbd3440,0x00000000ed400000)
  from space 2560K, 98% used [0x00000000ed680000,0x00000000ed8f8030,0x00000000ed900000)
  to   space 2560K, 0% used [0x00000000ed400000,0x00000000ed400000,0x00000000ed680000)
 ParOldGen       total 679936K, used 660854K [0x00000000c1c00000, 0x00000000eb400000, 0x00000000eb400000)
  object space 679936K, 97% used [0x00000000c1c00000,0x00000000ea15dac0,0x00000000eb400000)
 Metaspace       used 12520K, capacity 12740K, committed 13056K, reserved 1060864K
  class space    used 1592K, capacity 1682K, committed 1792K, reserved 1048576K
Event: 7.274 GC heap after
Heap after GC invocations=5 (full 0):
 PSYoungGen      total 35328K, used 2528K [0x00000000eb400000, 0x00000000eff00000, 0x0000000100000000)
  eden space 32768K, 0% used [0x00000000eb400000,0x00000000eb400000,0x00000000ed400000)
  from space 2560K, 98% used [0x00000000ed400000,0x00000000ed678010,0x00000000ed680000)
  to   space 5632K, 0% used [0x00000000ef980000,0x00000000ef980000,0x00000000eff00000)
 ParOldGen       total 679936K, used 660870K [0x00000000c1c00000, 0x00000000eb400000, 0x00000000eb400000)
  object space 679936K, 97% used [0x00000000c1c00000,0x00000000ea161ac0,0x00000000eb400000)
 Metaspace       used 12520K, capacity 12740K, committed 13056K, reserved 1060864K
  class space    used 1592K, capacity 1682K, committed 1792K, reserved 1048576K
}
Event: 7.337 GC heap before
{Heap before GC invocations=6 (full 0):
 PSYoungGen      total 35328K, used 26812K [0x00000000eb400000, 0x00000000eff00000, 0x0000000100000000)
  eden space 32768K, 74% used [0x00000000eb400000,0x00000000ecbb7350,0x00000000ed400000)
  from space 2560K, 98% used [0x00000000ed400000,0x00000000ed678010,0x00000000ed680000)
  to   space 5632K, 0% used [0x00000000ef980000,0x00000000ef980000,0x00000000eff00000)
 ParOldGen       total 679936K, used 660870K [0x00000000c1c00000, 0x00000000eb400000, 0x00000000eb400000)
  object space 679936K, 97% used [0x00000000c1c00000,0x00000000ea161ac0,0x00000000eb400000)
 Metaspace       used 12520K, capacity 12740K, committed 13056K, reserved 1060864K
  class space    used 1592K, capacity 1682K, committed 1792K, reserved 1048576K
Event: 7.466 GC heap after
Heap after GC invocations=6 (full 0):
 PSYoungGen      total 71168K, used 2496K [0x00000000eb400000, 0x00000000eff00000, 0x0000000100000000)
  eden space 65536K, 0% used [0x00000000eb400000,0x00000000eb400000,0x00000000ef400000)
  from space 5632K, 44% used [0x00000000ef980000,0x00000000efbf0010,0x00000000eff00000)
  to   space 5632K, 0% used [0x00000000ef400000,0x00000000ef400000,0x00000000ef980000)
 ParOldGen       total 679936K, used 660870K [0x00000000c1c00000, 0x00000000eb400000, 0x00000000eb400000)
  object space 679936K, 97% used [0x00000000c1c00000,0x00000000ea161ac0,0x00000000eb400000)
 Metaspace       used 12520K, capacity 12740K, committed 13056K, reserved 1060864K
  class space    used 1592K, capacity 1682K, committed 1792K, reserved 1048576K
}
Event: 7.622 GC heap before
{Heap before GC invocations=7 (full 0):
 PSYoungGen      total 71168K, used 50917K [0x00000000eb400000, 0x00000000eff00000, 0x0000000100000000)
  eden space 65536K, 73% used [0x00000000eb400000,0x00000000ee3497e8,0x00000000ef400000)
  from space 5632K, 44% used [0x00000000ef980000,0x00000000efbf0010,0x00000000eff00000)
  to   space 5632K, 0% used [0x00000000ef400000,0x00000000ef400000,0x00000000ef980000)
 ParOldGen       total 679936K, used 660870K [0x00000000c1c00000, 0x00000000eb400000, 0x00000000eb400000)
  object space 679936K, 97% used [0x00000000c1c00000,0x00000000ea161ac0,0x00000000eb400000)
 Metaspace       used 12528K, capacity 12748K, committed 13056K, reserved 1060864K
  class space    used 1592K, capacity 1682K, committed 1792K, reserved 1048576K
Event: 8.036 GC heap after
Heap after GC invocations=7 (full 0):
 PSYoungGen      total 71168K, used 1440K [0x00000000eb400000, 0x00000000f3f00000, 0x0000000100000000)
  eden space 65536K, 0% used [0x00000000eb400000,0x00000000eb400000,0x00000000ef400000)
  from space 5632K, 25% used [0x00000000ef400000,0x00000000ef568010,0x00000000ef980000)
  to   space 5632K, 0% used [0x00000000f3980000,0x00000000f3980000,0x00000000f3f00000)
 ParOldGen       total 679936K, used 661963K [0x00000000c1c00000, 0x00000000eb400000, 0x00000000eb400000)
  object space 679936K, 97% used [0x00000000c1c00000,0x00000000ea272e78,0x00000000eb400000)
 Metaspace       used 12528K, capacity 12748K, committed 13056K, reserved 1060864K
  class space    used 1592K, capacity 1682K, committed 1792K, reserved 1048576K
}
Event: 8.231 GC heap before
{Heap before GC invocations=8 (full 0):
 PSYoungGen      total 71168K, used 49766K [0x00000000eb400000, 0x00000000f3f00000, 0x0000000100000000)
  eden space 65536K, 73% used [0x00000000eb400000,0x00000000ee331bb0,0x00000000ef400000)
  from space 5632K, 25% used [0x00000000ef400000,0x00000000ef568010,0x00000000ef980000)
  to   space 5632K, 0% used [0x00000000f3980000,0x00000000f3980000,0x00000000f3f00000)
 ParOldGen       total 679936K, used 661963K [0x00000000c1c00000, 0x00000000eb400000, 0x00000000eb400000)
  object space 679936K, 97% used [0x00000000c1c00000,0x00000000ea272e78,0x00000000eb400000)
 Metaspace       used 12540K, capacity 12812K, committed 13056K, reserved 1060864K
  class space    used 1592K, capacity 1682K, committed 1792K, reserved 1048576K
Event: 8.241 GC heap after
Heap after GC invocations=8 (full 0):
 PSYoungGen      total 136192K, used 64K [0x00000000eb400000, 0x00000000f4000000, 0x0000000100000000)
  eden space 130560K, 0% used [0x00000000eb400000,0x00000000eb400000,0x00000000f3380000)
  from space 5632K, 1% used [0x00000000f3980000,0x00000000f3990000,0x00000000f3f00000)
  to   space 6144K, 0% used [0x00000000f3380000,0x00000000f3380000,0x00000000f3980000)
 ParOldGen       total 679936K, used 663363K [0x00000000c1c00000, 0x00000000eb400000, 0x00000000eb400000)
  object space 679936K, 97% used [0x00000000c1c00000,0x00000000ea3d0e88,0x00000000eb400000)
 Metaspace       used 12540K, capacity 12812K, committed 13056K, reserved 1060864K
  class space    used 1592K, capacity 1682K, committed 1792K, reserved 1048576K
}
Event: 8.634 GC heap before
{Heap before GC invocations=9 (full 0):
 PSYoungGen      total 136192K, used 120228K [0x00000000eb400000, 0x00000000f4000000, 0x0000000100000000)
  eden space 130560K, 92% used [0x00000000eb400000,0x00000000f2959228,0x00000000f3380000)
  from space 5632K, 1% used [0x00000000f3980000,0x00000000f3990000,0x00000000f3f00000)
  to   space 6144K, 0% used [0x00000000f3380000,0x00000000f3380000,0x00000000f3980000)
 ParOldGen       total 679936K, used 663363K [0x00000000c1c00000, 0x00000000eb400000, 0x00000000eb400000)
  object space 679936K, 97% used [0x00000000c1c00000,0x00000000ea3d0e88,0x00000000eb400000)
 Metaspace       used 12557K, capacity 12812K, committed 13056K, reserved 1060864K
  class space    used 1592K, capacity 1682K, committed 1792K, reserved 1048576K
Event: 8.652 GC heap after
Heap after GC invocations=9 (full 0):
 PSYoungGen      total 136704K, used 64K [0x00000000eb400000, 0x00000000f4000000, 0x0000000100000000)
  eden space 130560K, 0% used [0x00000000eb400000,0x00000000eb400000,0x00000000f3380000)
  from space 6144K, 1% used [0x00000000f3380000,0x00000000f3390000,0x00000000f3980000)
  to   space 5632K, 0% used [0x00000000f3980000,0x00000000f3980000,0x00000000f3f00000)
 ParOldGen       total 679936K, used 663371K [0x00000000c1c00000, 0x00000000eb400000, 0x00000000eb400000)
  object space 679936K, 97% used [0x00000000c1c00000,0x00000000ea3d2e88,0x00000000eb400000)
 Metaspace       used 12557K, capacity 12812K, committed 13056K, reserved 1060864K
  class space    used 1592K, capacity 1682K, committed 1792K, reserved 1048576K
}

