# JRE version: Java(TM) SE Runtime Environment (8.0_171-b11) (build 1.8.0_171-b11)
# Java VM: Java HotSpot(TM) 64-Bit Server VM (25.171-b11 mixed mode windows-amd64 compressed oops)
Heap:
 PSYoungGen      total 136704K, used 97984K [0x00000000eb400000, 0x00000000f3f00000, 0x0000000100000000)
  eden space 131072K, 74% used [0x00000000eb400000,0x00000000f13a0228,0x00000000f3400000)
  from space 5632K, 1% used [0x00000000f3400000,0x00000000f3410000,0x00000000f3980000)
  to   space 5632K, 0% used [0x00000000f3980000,0x00000000f3980000,0x00000000f3f00000)
 ParOldGen       total 679936K, used 661623K [0x00000000c1c00000, 0x00000000eb400000, 0x00000000eb400000)
  object space 679936K, 97% used [0x00000000c1c00000,0x00000000ea21dd40,0x00000000eb400000)
 Metaspace       used 12609K, capacity 12876K, committed 13056K, reserved 1060864K
  class space    used 1595K, capacity 1682K, committed 1792K, reserved 1048576K
GC Heap History (10 events):
Event: 5.523 GC heap before
{Heap before GC invocations=5 (full 0):
 PSYoungGen      total 35328K, used 26398K [0x00000000eb400000, 0x00000000ed900000, 0x0000000100000000)
  eden space 32768K, 74% used [0x00000000eb400000,0x00000000ecbc79d8,0x00000000ed400000)
  from space 2560K, 80% used [0x00000000ed680000,0x00000000ed880010,0x00000000ed900000)
  to   space 2560K, 0% used [0x00000000ed400000,0x00000000ed400000,0x00000000ed680000)
 ParOldGen       total 679936K, used 659636K [0x00000000c1c00000, 0x00000000eb400000, 0x00000000eb400000)
  object space 679936K, 97% used [0x00000000c1c00000,0x00000000ea02d190,0x00000000eb400000)
 Metaspace       used 12565K, capacity 12812K, committed 13056K, reserved 1060864K
  class space    used 1593K, capacity 1682K, committed 1792K, reserved 1048576K
Event: 5.536 GC heap after
Heap after GC invocations=5 (full 0):
 PSYoungGen      total 35328K, used 2034K [0x00000000eb400000, 0x00000000efe00000, 0x0000000100000000)
  eden space 32768K, 0% used [0x00000000eb400000,0x00000000eb400000,0x00000000ed400000)
  from space 2560K, 79% used [0x00000000ed400000,0x00000000ed5fcb60,0x00000000ed680000)
  to   space 5120K, 0% used [0x00000000ef900000,0x00000000ef900000,0x00000000efe00000)
 ParOldGen       total 679936K, used 659636K [0x00000000c1c00000, 0x00000000eb400000, 0x00000000eb400000)
  object space 679936K, 97% used [0x00000000c1c00000,0x00000000ea02d190,0x00000000eb400000)
 Metaspace       used 12565K, capacity 12812K, committed 13056K, reserved 1060864K
  class space    used 1593K, capacity 1682K, committed 1792K, reserved 1048576K
}
Event: 5.596 GC heap before
{Heap before GC invocations=6 (full 0):
 PSYoungGen      total 35328K, used 26288K [0x00000000eb400000, 0x00000000efe00000, 0x0000000100000000)
  eden space 32768K, 74% used [0x00000000eb400000,0x00000000ecbaf890,0x00000000ed400000)
  from space 2560K, 79% used [0x00000000ed400000,0x00000000ed5fcb60,0x00000000ed680000)
  to   space 5120K, 0% used [0x00000000ef900000,0x00000000ef900000,0x00000000efe00000)
 ParOldGen       total 679936K, used 659636K [0x00000000c1c00000, 0x00000000eb400000, 0x00000000eb400000)
  object space 679936K, 97% used [0x00000000c1c00000,0x00000000ea02d190,0x00000000eb400000)
 Metaspace       used 12568K, capacity 12812K, committed 13056K, reserved 1060864K
  class space    used 1593K, capacity 1682K, committed 1792K, reserved 1048576K
Event: 5.611 GC heap after
Heap after GC invocations=6 (full 0):
 PSYoungGen      total 70656K, used 2016K [0x00000000eb400000, 0x00000000efe00000, 0x0000000100000000)
  eden space 65536K, 0% used [0x00000000eb400000,0x00000000eb400000,0x00000000ef400000)
  from space 5120K, 39% used [0x00000000ef900000,0x00000000efaf8010,0x00000000efe00000)
  to   space 5120K, 0% used [0x00000000ef400000,0x00000000ef400000,0x00000000ef900000)
 ParOldGen       total 679936K, used 659636K [0x00000000c1c00000, 0x00000000eb400000, 0x00000000eb400000)
  object space 679936K, 97% used [0x00000000c1c00000,0x00000000ea02d190,0x00000000eb400000)
 Metaspace       used 12568K, capacity 12812K, committed 13056K, reserved 1060864K
  class space    used 1593K, capacity 1682K, committed 1792K, reserved 1048576K
}
Event: 5.749 GC heap before
{Heap before GC invocations=7 (full 0):
 PSYoungGen      total 70656K, used 50399K [0x00000000eb400000, 0x00000000efe00000, 0x0000000100000000)
  eden space 65536K, 73% used [0x00000000eb400000,0x00000000ee33fcc8,0x00000000ef400000)
  from space 5120K, 39% used [0x00000000ef900000,0x00000000efaf8010,0x00000000efe00000)
  to   space 5120K, 0% used [0x00000000ef400000,0x00000000ef400000,0x00000000ef900000)
 ParOldGen       total 679936K, used 659636K [0x00000000c1c00000, 0x00000000eb400000, 0x00000000eb400000)
  object space 679936K, 97% used [0x00000000c1c00000,0x00000000ea02d190,0x00000000eb400000)
 Metaspace       used 12571K, capacity 12812K, committed 13056K, reserved 1060864K
  class space    used 1593K, capacity 1682K, committed 1792K, reserved 1048576K
Event: 5.764 GC heap after
Heap after GC invocations=7 (full 0):
 PSYoungGen      total 70656K, used 256K [0x00000000eb400000, 0x00000000f3f00000, 0x0000000100000000)
  eden space 65536K, 0% used [0x00000000eb400000,0x00000000eb400000,0x00000000ef400000)
  from space 5120K, 5% used [0x00000000ef400000,0x00000000ef440010,0x00000000ef900000)
  to   space 5632K, 0% used [0x00000000f3980000,0x00000000f3980000,0x00000000f3f00000)
 ParOldGen       total 679936K, used 661412K [0x00000000c1c00000, 0x00000000eb400000, 0x00000000eb400000)
  object space 679936K, 97% used [0x00000000c1c00000,0x00000000ea1e91e0,0x00000000eb400000)
 Metaspace       used 12571K, capacity 12812K, committed 13056K, reserved 1060864K
  class space    used 1593K, capacity 1682K, committed 1792K, reserved 1048576K
}
Event: 5.861 GC heap before
{Heap before GC invocations=8 (full 0):
 PSYoungGen      total 70656K, used 48557K [0x00000000eb400000, 0x00000000f3f00000, 0x0000000100000000)
  eden space 65536K, 73% used [0x00000000eb400000,0x00000000ee32b6b0,0x00000000ef400000)
  from space 5120K, 5% used [0x00000000ef400000,0x00000000ef440010,0x00000000ef900000)
  to   space 5632K, 0% used [0x00000000f3980000,0x00000000f3980000,0x00000000f3f00000)
 ParOldGen       total 679936K, used 661412K [0x00000000c1c00000, 0x00000000eb400000, 0x00000000eb400000)
  object space 679936K, 97% used [0x00000000c1c00000,0x00000000ea1e91e0,0x00000000eb400000)
 Metaspace       used 12576K, capacity 12812K, committed 13056K, reserved 1060864K
  class space    used 1593K, capacity 1682K, committed 1792K, reserved 1048576K
Event: 5.867 GC heap after
Heap after GC invocations=8 (full 0):
 PSYoungGen      total 136704K, used 64K [0x00000000eb400000, 0x00000000f3f00000, 0x0000000100000000)
  eden space 131072K, 0% used [0x00000000eb400000,0x00000000eb400000,0x00000000f3400000)
  from space 5632K, 1% used [0x00000000f3980000,0x00000000f3990000,0x00000000f3f00000)
  to   space 5632K, 0% used [0x00000000f3400000,0x00000000f3400000,0x00000000f3980000)
 ParOldGen       total 679936K, used 661615K [0x00000000c1c00000, 0x00000000eb400000, 0x00000000eb400000)
  object space 679936K, 97% used [0x00000000c1c00000,0x00000000ea21bd40,0x00000000eb400000)
 Metaspace       used 12576K, capacity 12812K, committed 13056K, reserved 1060864K
  class space    used 1593K, capacity 1682K, committed 1792K, reserved 1048576K
}
Event: 6.144 GC heap before
{Heap before GC invocations=9 (full 0):
 PSYoungGen      total 136704K, used 120187K [0x00000000eb400000, 0x00000000f3f00000, 0x0000000100000000)
  eden space 131072K, 91% used [0x00000000eb400000,0x00000000f294ec30,0x00000000f3400000)
  from space 5632K, 1% used [0x00000000f3980000,0x00000000f3990000,0x00000000f3f00000)
  to   space 5632K, 0% used [0x00000000f3400000,0x00000000f3400000,0x00000000f3980000)
 ParOldGen       total 679936K, used 661615K [0x00000000c1c00000, 0x00000000eb400000, 0x00000000eb400000)
  object space 679936K, 97% used [0x00000000c1c00000,0x00000000ea21bd40,0x00000000eb400000)
 Metaspace       used 12580K, capacity 12812K, committed 13056K, reserved 1060864K
  class space    used 1593K, capacity 1682K, committed 1792K, reserved 1048576K
Event: 6.150 GC heap after
Heap after GC invocations=9 (full 0):
 PSYoungGen      total 136704K, used 64K [0x00000000eb400000, 0x00000000f3f00000, 0x0000000100000000)
  eden space 131072K, 0% used [0x00000000eb400000,0x00000000eb400000,0x00000000f3400000)
  from space 5632K, 1% used [0x00000000f3400000,0x00000000f3410000,0x00000000f3980000)
  to   space 5632K, 0% used [0x00000000f3980000,0x00000000f3980000,0x00000000f3f00000)
 ParOldGen       total 679936K, used 661623K [0x00000000c1c00000, 0x00000000eb400000, 0x00000000eb400000)
  object space 679936K, 97% used [0x00000000c1c00000,0x00000000ea21dd40,0x00000000eb400000)
 Metaspace       used 12580K, capacity 12812K, committed 13056K, reserved 1060864K
  class space    used 1593K, capacity 1682K, committed 1792K, reserved 1048576K
}

