# JRE version: Java(TM) SE Runtime Environment (8.0_171-b11) (build 1.8.0_171-b11)
# Java VM: Java HotSpot(TM) 64-Bit Server VM (25.171-b11 mixed mode windows-amd64 compressed oops)
Heap:
 PSYoungGen      total 215040K, used 103815K [0x00000000eb400000, 0x00000000f8b00000, 0x0000000100000000)
  eden space 209920K, 48% used [0x00000000eb400000,0x00000000f183ea20,0x00000000f8100000)
  from space 5120K, 22% used [0x00000000f8600000,0x00000000f8723528,0x00000000f8b00000)
  to   space 5120K, 0% used [0x00000000f8100000,0x00000000f8100000,0x00000000f8600000)
 ParOldGen       total 679936K, used 661694K [0x00000000c1c00000, 0x00000000eb400000, 0x00000000eb400000)
  object space 679936K, 97% used [0x00000000c1c00000,0x00000000ea22fbb8,0x00000000eb400000)
 Metaspace       used 13397K, capacity 13654K, committed 13824K, reserved 1060864K
  class space    used 1666K, capacity 1749K, committed 1792K, reserved 1048576K
GC Heap History (10 events):
Event: 6.457 GC heap before
{Heap before GC invocations=6 (full 0):
 PSYoungGen      total 35328K, used 26812K [0x00000000eb400000, 0x00000000efd00000, 0x0000000100000000)
  eden space 32768K, 74% used [0x00000000eb400000,0x00000000ecbb2538,0x00000000ed400000)
  from space 2560K, 99% used [0x00000000ed400000,0x00000000ed67cb60,0x00000000ed680000)
  to   space 4608K, 0% used [0x00000000ef880000,0x00000000ef880000,0x00000000efd00000)
 ParOldGen       total 679936K, used 659147K [0x00000000c1c00000, 0x00000000eb400000, 0x00000000eb400000)
  object space 679936K, 96% used [0x00000000c1c00000,0x00000000e9fb2d20,0x00000000eb400000)
 Metaspace       used 12644K, capacity 12868K, committed 13056K, reserved 1060864K
  class space    used 1593K, capacity 1682K, committed 1792K, reserved 1048576K
Event: 6.475 GC heap after
Heap after GC invocations=6 (full 0):
 PSYoungGen      total 70144K, used 2560K [0x00000000eb400000, 0x00000000efd00000, 0x0000000100000000)
  eden space 65536K, 0% used [0x00000000eb400000,0x00000000eb400000,0x00000000ef400000)
  from space 4608K, 55% used [0x00000000ef880000,0x00000000efb00010,0x00000000efd00000)
  to   space 4608K, 0% used [0x00000000ef400000,0x00000000ef400000,0x00000000ef880000)
 ParOldGen       total 679936K, used 659147K [0x00000000c1c00000, 0x00000000eb400000, 0x00000000eb400000)
  object space 679936K, 96% used [0x00000000c1c00000,0x00000000e9fb2d20,0x00000000eb400000)
 Metaspace       used 12644K, capacity 12868K, committed 13056K, reserved 1060864K
  class space    used 1593K, capacity 1682K, committed 1792K, reserved 1048576K
}
Event: 6.555 GC heap before
{Heap before GC invocations=7 (full 0):
 PSYoungGen      total 70144K, used 51383K [0x00000000eb400000, 0x00000000efd00000, 0x0000000100000000)
  eden space 65536K, 74% used [0x00000000eb400000,0x00000000ee3adf98,0x00000000ef400000)
  from space 4608K, 55% used [0x00000000ef880000,0x00000000efb00010,0x00000000efd00000)
  to   space 4608K, 0% used [0x00000000ef400000,0x00000000ef400000,0x00000000ef880000)
 ParOldGen       total 679936K, used 659147K [0x00000000c1c00000, 0x00000000eb400000, 0x00000000eb400000)
  object space 679936K, 96% used [0x00000000c1c00000,0x00000000e9fb2d20,0x00000000eb400000)
 Metaspace       used 12653K, capacity 12876K, committed 13056K, reserved 1060864K
  class space    used 1593K, capacity 1682K, committed 1792K, reserved 1048576K
Event: 6.569 GC heap after
Heap after GC invocations=7 (full 0):
 PSYoungGen      total 70144K, used 2048K [0x00000000eb400000, 0x00000000f3d00000, 0x0000000100000000)
  eden space 65536K, 0% used [0x00000000eb400000,0x00000000eb400000,0x00000000ef400000)
  from space 4608K, 44% used [0x00000000ef400000,0x00000000ef600010,0x00000000ef880000)
  to   space 4608K, 0% used [0x00000000f3880000,0x00000000f3880000,0x00000000f3d00000)
 ParOldGen       total 679936K, used 659672K [0x00000000c1c00000, 0x00000000eb400000, 0x00000000eb400000)
  object space 679936K, 97% used [0x00000000c1c00000,0x00000000ea036048,0x00000000eb400000)
 Metaspace       used 12653K, capacity 12876K, committed 13056K, reserved 1060864K
  class space    used 1593K, capacity 1682K, committed 1792K, reserved 1048576K
}
Event: 6.638 GC heap before
{Heap before GC invocations=8 (full 0):
 PSYoungGen      total 70144K, used 50355K [0x00000000eb400000, 0x00000000f3d00000, 0x0000000100000000)
  eden space 65536K, 73% used [0x00000000eb400000,0x00000000ee32ccf8,0x00000000ef400000)
  from space 4608K, 44% used [0x00000000ef400000,0x00000000ef600010,0x00000000ef880000)
  to   space 4608K, 0% used [0x00000000f3880000,0x00000000f3880000,0x00000000f3d00000)
 ParOldGen       total 679936K, used 659672K [0x00000000c1c00000, 0x00000000eb400000, 0x00000000eb400000)
  object space 679936K, 97% used [0x00000000c1c00000,0x00000000ea036048,0x00000000eb400000)
 Metaspace       used 12662K, capacity 12876K, committed 13056K, reserved 1060864K
  class space    used 1593K, capacity 1682K, committed 1792K, reserved 1048576K
Event: 6.650 GC heap after
Heap after GC invocations=8 (full 0):
 PSYoungGen      total 135680K, used 64K [0x00000000eb400000, 0x00000000f3d00000, 0x0000000100000000)
  eden space 131072K, 0% used [0x00000000eb400000,0x00000000eb400000,0x00000000f3400000)
  from space 4608K, 1% used [0x00000000f3880000,0x00000000f3890000,0x00000000f3d00000)
  to   space 4608K, 0% used [0x00000000f3400000,0x00000000f3400000,0x00000000f3880000)
 ParOldGen       total 679936K, used 661674K [0x00000000c1c00000, 0x00000000eb400000, 0x00000000eb400000)
  object space 679936K, 97% used [0x00000000c1c00000,0x00000000ea22aba8,0x00000000eb400000)
 Metaspace       used 12662K, capacity 12876K, committed 13056K, reserved 1060864K
  class space    used 1593K, capacity 1682K, committed 1792K, reserved 1048576K
}
Event: 6.860 GC heap before
{Heap before GC invocations=9 (full 0):
 PSYoungGen      total 135680K, used 120391K [0x00000000eb400000, 0x00000000f3d00000, 0x0000000100000000)
  eden space 131072K, 91% used [0x00000000eb400000,0x00000000f2981e00,0x00000000f3400000)
  from space 4608K, 1% used [0x00000000f3880000,0x00000000f3890000,0x00000000f3d00000)
  to   space 4608K, 0% used [0x00000000f3400000,0x00000000f3400000,0x00000000f3880000)
 ParOldGen       total 679936K, used 661674K [0x00000000c1c00000, 0x00000000eb400000, 0x00000000eb400000)
  object space 679936K, 97% used [0x00000000c1c00000,0x00000000ea22aba8,0x00000000eb400000)
 Metaspace       used 12677K, capacity 12940K, committed 13312K, reserved 1060864K
  class space    used 1593K, capacity 1682K, committed 1792K, reserved 1048576K
Event: 6.866 GC heap after
Heap after GC invocations=9 (full 0):
 PSYoungGen      total 135680K, used 64K [0x00000000eb400000, 0x00000000f8b00000, 0x0000000100000000)
  eden space 131072K, 0% used [0x00000000eb400000,0x00000000eb400000,0x00000000f3400000)
  from space 4608K, 1% used [0x00000000f3400000,0x00000000f3410000,0x00000000f3880000)
  to   space 5120K, 0% used [0x00000000f8600000,0x00000000f8600000,0x00000000f8b00000)
 ParOldGen       total 679936K, used 661682K [0x00000000c1c00000, 0x00000000eb400000, 0x00000000eb400000)
  object space 679936K, 97% used [0x00000000c1c00000,0x00000000ea22cba8,0x00000000eb400000)
 Metaspace       used 12677K, capacity 12940K, committed 13312K, reserved 1060864K
  class space    used 1593K, capacity 1682K, committed 1792K, reserved 1048576K
}
Event: 98.805 GC heap before
{Heap before GC invocations=10 (full 0):
 PSYoungGen      total 135680K, used 130849K [0x00000000eb400000, 0x00000000f8b00000, 0x0000000100000000)
  eden space 131072K, 99% used [0x00000000eb400000,0x00000000f33b8690,0x00000000f3400000)
  from space 4608K, 1% used [0x00000000f3400000,0x00000000f3410000,0x00000000f3880000)
  to   space 5120K, 0% used [0x00000000f8600000,0x00000000f8600000,0x00000000f8b00000)
 ParOldGen       total 679936K, used 661682K [0x00000000c1c00000, 0x00000000eb400000, 0x00000000eb400000)
  object space 679936K, 97% used [0x00000000c1c00000,0x00000000ea22cba8,0x00000000eb400000)
 Metaspace       used 13239K, capacity 13420K, committed 13568K, reserved 1060864K
  class space    used 1652K, capacity 1714K, committed 1792K, reserved 1048576K
Event: 98.811 GC heap after
Heap after GC invocations=10 (full 0):
 PSYoungGen      total 215040K, used 1165K [0x00000000eb400000, 0x00000000f8b00000, 0x0000000100000000)
  eden space 209920K, 0% used [0x00000000eb400000,0x00000000eb400000,0x00000000f8100000)
  from space 5120K, 22% used [0x00000000f8600000,0x00000000f8723528,0x00000000f8b00000)
  to   space 5120K, 0% used [0x00000000f8100000,0x00000000f8100000,0x00000000f8600000)
 ParOldGen       total 679936K, used 661694K [0x00000000c1c00000, 0x00000000eb400000, 0x00000000eb400000)
  object space 679936K, 97% used [0x00000000c1c00000,0x00000000ea22fbb8,0x00000000eb400000)
 Metaspace       used 13239K, capacity 13420K, committed 13568K, reserved 1060864K
  class space    used 1652K, capacity 1714K, committed 1792K, reserved 1048576K
}

