# JRE version: Java(TM) SE Runtime Environment (8.0_171-b11) (build 1.8.0_171-b11)
# Java VM: Java HotSpot(TM) 64-Bit Server VM (25.171-b11 mixed mode windows-amd64 compressed oops)
Heap:
 PSYoungGen      total 136192K, used 97401K [0x00000000eb400000, 0x00000000f8b00000, 0x0000000100000000)
  eden space 130560K, 74% used [0x00000000eb400000,0x00000000f1306548,0x00000000f3380000)
  from space 5632K, 1% used [0x00000000f3380000,0x00000000f3398000,0x00000000f3900000)
  to   space 5632K, 0% used [0x00000000f8580000,0x00000000f8580000,0x00000000f8b00000)
 ParOldGen       total 679936K, used 662919K [0x00000000c1c00000, 0x00000000eb400000, 0x00000000eb400000)
  object space 679936K, 97% used [0x00000000c1c00000,0x00000000ea361e78,0x00000000eb400000)
 Metaspace       used 12590K, capacity 12812K, committed 13056K, reserved 1060864K
  class space    used 1591K, capacity 1682K, committed 1792K, reserved 1048576K
GC Heap History (10 events):
Event: 5.381 GC heap before
{Heap before GC invocations=5 (full 0):
 PSYoungGen      total 35328K, used 26884K [0x00000000eb400000, 0x00000000ed900000, 0x0000000100000000)
  eden space 32768K, 74% used [0x00000000eb400000,0x00000000ecbc9300,0x00000000ed400000)
  from space 2560K, 98% used [0x00000000ed680000,0x00000000ed8f8010,0x00000000ed900000)
  to   space 2560K, 0% used [0x00000000ed400000,0x00000000ed400000,0x00000000ed680000)
 ParOldGen       total 679936K, used 660378K [0x00000000c1c00000, 0x00000000eb400000, 0x00000000eb400000)
  object space 679936K, 97% used [0x00000000c1c00000,0x00000000ea0e6ac0,0x00000000eb400000)
 Metaspace       used 12541K, capacity 12804K, committed 13056K, reserved 1060864K
  class space    used 1591K, capacity 1682K, committed 1792K, reserved 1048576K
Event: 5.397 GC heap after
Heap after GC invocations=5 (full 0):
 PSYoungGen      total 35328K, used 2528K [0x00000000eb400000, 0x00000000efd00000, 0x0000000100000000)
  eden space 32768K, 0% used [0x00000000eb400000,0x00000000eb400000,0x00000000ed400000)
  from space 2560K, 98% used [0x00000000ed400000,0x00000000ed678010,0x00000000ed680000)
  to   space 4608K, 0% used [0x00000000ef880000,0x00000000ef880000,0x00000000efd00000)
 ParOldGen       total 679936K, used 660402K [0x00000000c1c00000, 0x00000000eb400000, 0x00000000eb400000)
  object space 679936K, 97% used [0x00000000c1c00000,0x00000000ea0ecac0,0x00000000eb400000)
 Metaspace       used 12541K, capacity 12804K, committed 13056K, reserved 1060864K
  class space    used 1591K, capacity 1682K, committed 1792K, reserved 1048576K
}
Event: 5.432 GC heap before
{Heap before GC invocations=6 (full 0):
 PSYoungGen      total 35328K, used 26785K [0x00000000eb400000, 0x00000000efd00000, 0x0000000100000000)
  eden space 32768K, 74% used [0x00000000eb400000,0x00000000ecbb0410,0x00000000ed400000)
  from space 2560K, 98% used [0x00000000ed400000,0x00000000ed678010,0x00000000ed680000)
  to   space 4608K, 0% used [0x00000000ef880000,0x00000000ef880000,0x00000000efd00000)
 ParOldGen       total 679936K, used 660402K [0x00000000c1c00000, 0x00000000eb400000, 0x00000000eb400000)
  object space 679936K, 97% used [0x00000000c1c00000,0x00000000ea0ecac0,0x00000000eb400000)
 Metaspace       used 12546K, capacity 12804K, committed 13056K, reserved 1060864K
  class space    used 1591K, capacity 1682K, committed 1792K, reserved 1048576K
Event: 5.448 GC heap after
Heap after GC invocations=6 (full 0):
 PSYoungGen      total 70144K, used 2560K [0x00000000eb400000, 0x00000000efd00000, 0x0000000100000000)
  eden space 65536K, 0% used [0x00000000eb400000,0x00000000eb400000,0x00000000ef400000)
  from space 4608K, 55% used [0x00000000ef880000,0x00000000efb00010,0x00000000efd00000)
  to   space 4608K, 0% used [0x00000000ef400000,0x00000000ef400000,0x00000000ef880000)
 ParOldGen       total 679936K, used 660402K [0x00000000c1c00000, 0x00000000eb400000, 0x00000000eb400000)
  object space 679936K, 97% used [0x00000000c1c00000,0x00000000ea0ecac0,0x00000000eb400000)
 Metaspace       used 12546K, capacity 12804K, committed 13056K, reserved 1060864K
  class space    used 1591K, capacity 1682K, committed 1792K, reserved 1048576K
}
Event: 5.522 GC heap before
{Heap before GC invocations=7 (full 0):
 PSYoungGen      total 70144K, used 50947K [0x00000000eb400000, 0x00000000efd00000, 0x0000000100000000)
  eden space 65536K, 73% used [0x00000000eb400000,0x00000000ee340df8,0x00000000ef400000)
  from space 4608K, 55% used [0x00000000ef880000,0x00000000efb00010,0x00000000efd00000)
  to   space 4608K, 0% used [0x00000000ef400000,0x00000000ef400000,0x00000000ef880000)
 ParOldGen       total 679936K, used 660402K [0x00000000c1c00000, 0x00000000eb400000, 0x00000000eb400000)
  object space 679936K, 97% used [0x00000000c1c00000,0x00000000ea0ecac0,0x00000000eb400000)
 Metaspace       used 12551K, capacity 12804K, committed 13056K, reserved 1060864K
  class space    used 1591K, capacity 1682K, committed 1792K, reserved 1048576K
Event: 5.539 GC heap after
Heap after GC invocations=7 (full 0):
 PSYoungGen      total 70144K, used 1408K [0x00000000eb400000, 0x00000000f3e00000, 0x0000000100000000)
  eden space 65536K, 0% used [0x00000000eb400000,0x00000000eb400000,0x00000000ef400000)
  from space 4608K, 30% used [0x00000000ef400000,0x00000000ef560010,0x00000000ef880000)
  to   space 5120K, 0% used [0x00000000f3900000,0x00000000f3900000,0x00000000f3e00000)
 ParOldGen       total 679936K, used 661535K [0x00000000c1c00000, 0x00000000eb400000, 0x00000000eb400000)
  object space 679936K, 97% used [0x00000000c1c00000,0x00000000ea207e68,0x00000000eb400000)
 Metaspace       used 12551K, capacity 12804K, committed 13056K, reserved 1060864K
  class space    used 1591K, capacity 1682K, committed 1792K, reserved 1048576K
}
Event: 5.611 GC heap before
{Heap before GC invocations=8 (full 0):
 PSYoungGen      total 70144K, used 49712K [0x00000000eb400000, 0x00000000f3e00000, 0x0000000100000000)
  eden space 65536K, 73% used [0x00000000eb400000,0x00000000ee32c278,0x00000000ef400000)
  from space 4608K, 30% used [0x00000000ef400000,0x00000000ef560010,0x00000000ef880000)
  to   space 5120K, 0% used [0x00000000f3900000,0x00000000f3900000,0x00000000f3e00000)
 ParOldGen       total 679936K, used 661535K [0x00000000c1c00000, 0x00000000eb400000, 0x00000000eb400000)
  object space 679936K, 97% used [0x00000000c1c00000,0x00000000ea207e68,0x00000000eb400000)
 Metaspace       used 12556K, capacity 12804K, committed 13056K, reserved 1060864K
  class space    used 1591K, capacity 1682K, committed 1792K, reserved 1048576K
Event: 5.619 GC heap after
Heap after GC invocations=8 (full 0):
 PSYoungGen      total 135680K, used 64K [0x00000000eb400000, 0x00000000f3f00000, 0x0000000100000000)
  eden space 130560K, 0% used [0x00000000eb400000,0x00000000eb400000,0x00000000f3380000)
  from space 5120K, 1% used [0x00000000f3900000,0x00000000f3910000,0x00000000f3e00000)
  to   space 5632K, 0% used [0x00000000f3380000,0x00000000f3380000,0x00000000f3900000)
 ParOldGen       total 679936K, used 662911K [0x00000000c1c00000, 0x00000000eb400000, 0x00000000eb400000)
  object space 679936K, 97% used [0x00000000c1c00000,0x00000000ea35fe78,0x00000000eb400000)
 Metaspace       used 12556K, capacity 12804K, committed 13056K, reserved 1060864K
  class space    used 1591K, capacity 1682K, committed 1792K, reserved 1048576K
}
Event: 5.845 GC heap before
{Heap before GC invocations=9 (full 0):
 PSYoungGen      total 135680K, used 120381K [0x00000000eb400000, 0x00000000f3f00000, 0x0000000100000000)
  eden space 130560K, 92% used [0x00000000eb400000,0x00000000f297f740,0x00000000f3380000)
  from space 5120K, 1% used [0x00000000f3900000,0x00000000f3910000,0x00000000f3e00000)
  to   space 5632K, 0% used [0x00000000f3380000,0x00000000f3380000,0x00000000f3900000)
 ParOldGen       total 679936K, used 662911K [0x00000000c1c00000, 0x00000000eb400000, 0x00000000eb400000)
  object space 679936K, 97% used [0x00000000c1c00000,0x00000000ea35fe78,0x00000000eb400000)
 Metaspace       used 12567K, capacity 12812K, committed 13056K, reserved 1060864K
  class space    used 1591K, capacity 1682K, committed 1792K, reserved 1048576K
Event: 5.852 GC heap after
Heap after GC invocations=9 (full 0):
 PSYoungGen      total 136192K, used 96K [0x00000000eb400000, 0x00000000f8b00000, 0x0000000100000000)
  eden space 130560K, 0% used [0x00000000eb400000,0x00000000eb400000,0x00000000f3380000)
  from space 5632K, 1% used [0x00000000f3380000,0x00000000f3398000,0x00000000f3900000)
  to   space 5632K, 0% used [0x00000000f8580000,0x00000000f8580000,0x00000000f8b00000)
 ParOldGen       total 679936K, used 662919K [0x00000000c1c00000, 0x00000000eb400000, 0x00000000eb400000)
  object space 679936K, 97% used [0x00000000c1c00000,0x00000000ea361e78,0x00000000eb400000)
 Metaspace       used 12567K, capacity 12812K, committed 13056K, reserved 1060864K
  class space    used 1591K, capacity 1682K, committed 1792K, reserved 1048576K
}

