# JRE version: Java(TM) SE Runtime Environment (8.0_171-b11) (build 1.8.0_171-b11)
# Java VM: Java HotSpot(TM) 64-Bit Server VM (25.171-b11 mixed mode windows-amd64 compressed oops)
Heap:
 PSYoungGen      total 51200K, used 23469K [0x00000000eb400000, 0x00000000eeb00000, 0x0000000100000000)
  eden space 46080K, 50% used [0x00000000eb400000,0x00000000ecae3618,0x00000000ee100000)
  from space 5120K, 0% used [0x00000000ee100000,0x00000000ee108000,0x00000000ee600000)
  to   space 5120K, 0% used [0x00000000ee600000,0x00000000ee600000,0x00000000eeb00000)
 ParOldGen       total 138240K, used 125056K [0x00000000c1c00000, 0x00000000ca300000, 0x00000000eb400000)
  object space 138240K, 90% used [0x00000000c1c00000,0x00000000c9620250,0x00000000ca300000)
 Metaspace       used 11656K, capacity 11920K, committed 12032K, reserved 1060864K
  class space    used 1436K, capacity 1518K, committed 1536K, reserved 1048576K
GC Heap History (10 events):
Event: 7.477 GC heap before
{Heap before GC invocations=33 (full 0):
 PSYoungGen      total 51200K, used 24470K [0x00000000eb400000, 0x00000000eeb00000, 0x0000000100000000)
  eden space 46080K, 52% used [0x00000000eb400000,0x00000000ecbd5b20,0x00000000ee100000)
  from space 5120K, 1% used [0x00000000ee600000,0x00000000ee610000,0x00000000eeb00000)
  to   space 5120K, 0% used [0x00000000ee100000,0x00000000ee100000,0x00000000ee600000)
 ParOldGen       total 138240K, used 125008K [0x00000000c1c00000, 0x00000000ca300000, 0x00000000eb400000)
  object space 138240K, 90% used [0x00000000c1c00000,0x00000000c9614250,0x00000000ca300000)
 Metaspace       used 11646K, capacity 11920K, committed 12032K, reserved 1060864K
  class space    used 1436K, capacity 1518K, committed 1536K, reserved 1048576K
Event: 7.479 GC heap after
Heap after GC invocations=33 (full 0):
 PSYoungGen      total 51200K, used 64K [0x00000000eb400000, 0x00000000eeb00000, 0x0000000100000000)
  eden space 46080K, 0% used [0x00000000eb400000,0x00000000eb400000,0x00000000ee100000)
  from space 5120K, 1% used [0x00000000ee100000,0x00000000ee110000,0x00000000ee600000)
  to   space 5120K, 0% used [0x00000000ee600000,0x00000000ee600000,0x00000000eeb00000)
 ParOldGen       total 138240K, used 125016K [0x00000000c1c00000, 0x00000000ca300000, 0x00000000eb400000)
  object space 138240K, 90% used [0x00000000c1c00000,0x00000000c9616250,0x00000000ca300000)
 Metaspace       used 11646K, capacity 11920K, committed 12032K, reserved 1060864K
  class space    used 1436K, capacity 1518K, committed 1536K, reserved 1048576K
}
Event: 7.538 GC heap before
{Heap before GC invocations=34 (full 0):
 PSYoungGen      total 51200K, used 24468K [0x00000000eb400000, 0x00000000eeb00000, 0x0000000100000000)
  eden space 46080K, 52% used [0x00000000eb400000,0x00000000ecbd5278,0x00000000ee100000)
  from space 5120K, 1% used [0x00000000ee100000,0x00000000ee110000,0x00000000ee600000)
  to   space 5120K, 0% used [0x00000000ee600000,0x00000000ee600000,0x00000000eeb00000)
 ParOldGen       total 138240K, used 125016K [0x00000000c1c00000, 0x00000000ca300000, 0x00000000eb400000)
  object space 138240K, 90% used [0x00000000c1c00000,0x00000000c9616250,0x00000000ca300000)
 Metaspace       used 11647K, capacity 11920K, committed 12032K, reserved 1060864K
  class space    used 1436K, capacity 1518K, committed 1536K, reserved 1048576K
Event: 7.540 GC heap after
Heap after GC invocations=34 (full 0):
 PSYoungGen      total 51200K, used 64K [0x00000000eb400000, 0x00000000eeb00000, 0x0000000100000000)
  eden space 46080K, 0% used [0x00000000eb400000,0x00000000eb400000,0x00000000ee100000)
  from space 5120K, 1% used [0x00000000ee600000,0x00000000ee610000,0x00000000eeb00000)
  to   space 5120K, 0% used [0x00000000ee100000,0x00000000ee100000,0x00000000ee600000)
 ParOldGen       total 138240K, used 125032K [0x00000000c1c00000, 0x00000000ca300000, 0x00000000eb400000)
  object space 138240K, 90% used [0x00000000c1c00000,0x00000000c961a250,0x00000000ca300000)
 Metaspace       used 11647K, capacity 11920K, committed 12032K, reserved 1060864K
  class space    used 1436K, capacity 1518K, committed 1536K, reserved 1048576K
}
Event: 7.605 GC heap before
{Heap before GC invocations=35 (full 0):
 PSYoungGen      total 51200K, used 24475K [0x00000000eb400000, 0x00000000eeb00000, 0x0000000100000000)
  eden space 46080K, 52% used [0x00000000eb400000,0x00000000ecbd6c10,0x00000000ee100000)
  from space 5120K, 1% used [0x00000000ee600000,0x00000000ee610000,0x00000000eeb00000)
  to   space 5120K, 0% used [0x00000000ee100000,0x00000000ee100000,0x00000000ee600000)
 ParOldGen       total 138240K, used 125032K [0x00000000c1c00000, 0x00000000ca300000, 0x00000000eb400000)
  object space 138240K, 90% used [0x00000000c1c00000,0x00000000c961a250,0x00000000ca300000)
 Metaspace       used 11648K, capacity 11920K, committed 12032K, reserved 1060864K
  class space    used 1436K, capacity 1518K, committed 1536K, reserved 1048576K
Event: 7.607 GC heap after
Heap after GC invocations=35 (full 0):
 PSYoungGen      total 51200K, used 64K [0x00000000eb400000, 0x00000000eeb00000, 0x0000000100000000)
  eden space 46080K, 0% used [0x00000000eb400000,0x00000000eb400000,0x00000000ee100000)
  from space 5120K, 1% used [0x00000000ee100000,0x00000000ee110000,0x00000000ee600000)
  to   space 5120K, 0% used [0x00000000ee600000,0x00000000ee600000,0x00000000eeb00000)
 ParOldGen       total 138240K, used 125040K [0x00000000c1c00000, 0x00000000ca300000, 0x00000000eb400000)
  object space 138240K, 90% used [0x00000000c1c00000,0x00000000c961c250,0x00000000ca300000)
 Metaspace       used 11648K, capacity 11920K, committed 12032K, reserved 1060864K
  class space    used 1436K, capacity 1518K, committed 1536K, reserved 1048576K
}
Event: 7.667 GC heap before
{Heap before GC invocations=36 (full 0):
 PSYoungGen      total 51200K, used 24482K [0x00000000eb400000, 0x00000000eeb00000, 0x0000000100000000)
  eden space 46080K, 52% used [0x00000000eb400000,0x00000000ecbd88a0,0x00000000ee100000)
  from space 5120K, 1% used [0x00000000ee100000,0x00000000ee110000,0x00000000ee600000)
  to   space 5120K, 0% used [0x00000000ee600000,0x00000000ee600000,0x00000000eeb00000)
 ParOldGen       total 138240K, used 125040K [0x00000000c1c00000, 0x00000000ca300000, 0x00000000eb400000)
  object space 138240K, 90% used [0x00000000c1c00000,0x00000000c961c250,0x00000000ca300000)
 Metaspace       used 11651K, capacity 11920K, committed 12032K, reserved 1060864K
  class space    used 1436K, capacity 1518K, committed 1536K, reserved 1048576K
Event: 7.670 GC heap after
Heap after GC invocations=36 (full 0):
 PSYoungGen      total 51200K, used 96K [0x00000000eb400000, 0x00000000eeb00000, 0x0000000100000000)
  eden space 46080K, 0% used [0x00000000eb400000,0x00000000eb400000,0x00000000ee100000)
  from space 5120K, 1% used [0x00000000ee600000,0x00000000ee618000,0x00000000eeb00000)
  to   space 5120K, 0% used [0x00000000ee100000,0x00000000ee100000,0x00000000ee600000)
 ParOldGen       total 138240K, used 125048K [0x00000000c1c00000, 0x00000000ca300000, 0x00000000eb400000)
  object space 138240K, 90% used [0x00000000c1c00000,0x00000000c961e250,0x00000000ca300000)
 Metaspace       used 11651K, capacity 11920K, committed 12032K, reserved 1060864K
  class space    used 1436K, capacity 1518K, committed 1536K, reserved 1048576K
}
Event: 7.772 GC heap before
{Heap before GC invocations=37 (full 0):
 PSYoungGen      total 51200K, used 24651K [0x00000000eb400000, 0x00000000eeb00000, 0x0000000100000000)
  eden space 46080K, 53% used [0x00000000eb400000,0x00000000ecbfad80,0x00000000ee100000)
  from space 5120K, 1% used [0x00000000ee600000,0x00000000ee618000,0x00000000eeb00000)
  to   space 5120K, 0% used [0x00000000ee100000,0x00000000ee100000,0x00000000ee600000)
 ParOldGen       total 138240K, used 125048K [0x00000000c1c00000, 0x00000000ca300000, 0x00000000eb400000)
  object space 138240K, 90% used [0x00000000c1c00000,0x00000000c961e250,0x00000000ca300000)
 Metaspace       used 11656K, capacity 11920K, committed 12032K, reserved 1060864K
  class space    used 1436K, capacity 1518K, committed 1536K, reserved 1048576K
Event: 7.776 GC heap after
Heap after GC invocations=37 (full 0):
 PSYoungGen      total 51200K, used 32K [0x00000000eb400000, 0x00000000eeb00000, 0x0000000100000000)
  eden space 46080K, 0% used [0x00000000eb400000,0x00000000eb400000,0x00000000ee100000)
  from space 5120K, 0% used [0x00000000ee100000,0x00000000ee108000,0x00000000ee600000)
  to   space 5120K, 0% used [0x00000000ee600000,0x00000000ee600000,0x00000000eeb00000)
 ParOldGen       total 138240K, used 125056K [0x00000000c1c00000, 0x00000000ca300000, 0x00000000eb400000)
  object space 138240K, 90% used [0x00000000c1c00000,0x00000000c9620250,0x00000000ca300000)
 Metaspace       used 11656K, capacity 11920K, committed 12032K, reserved 1060864K
  class space    used 1436K, capacity 1518K, committed 1536K, reserved 1048576K
}

